

================================================================
== Vitis HLS Report for 'mm2s_Pipeline_VITIS_LOOP_14_1'
================================================================
* Date:           Wed Jun 24 13:47:41 2026

* Version:        2025.2 (Build 6295257 on Nov 14 2025)
* Project:        mm2s
* Solution:       hls (Vitis Kernel Flow Target)
* Product family: versalaiedge
* Target device:  xcve2802-vsvh1760-2MP-e-S


================================================================
== Performance Estimates
================================================================
+ Timing: 
    * Summary: 
    +--------+---------+----------+------------+
    |  Clock |  Target | Estimated| Uncertainty|
    +--------+---------+----------+------------+
    |ap_clk  |  3.20 ns|  1.693 ns|     0.86 ns|
    +--------+---------+----------+------------+

+ Latency: 
    * Summary: 
    +---------+---------+----------+----------+-----+-----+-------------------+
    |  Latency (cycles) |  Latency (absolute) |  Interval |      Pipeline     |
    |   min   |   max   |    min   |    max   | min | max |        Type       |
    +---------+---------+----------+----------+-----+-----+-------------------+
    |        ?|        ?|         ?|         ?|    0|    0|  loop pipeline stp|
    +---------+---------+----------+----------+-----+-----+-------------------+

    + Detail: 
        * Instance: 
        N/A

        * Loop: 
        +-------------------+---------+---------+----------+-----------+-----------+------+----------+
        |                   |  Latency (cycles) | Iteration|  Initiation Interval  | Trip |          |
        |     Loop Name     |   min   |   max   |  Latency |  achieved |   target  | Count| Pipelined|
        +-------------------+---------+---------+----------+-----------+-----------+------+----------+
        |- VITIS_LOOP_14_1  |        ?|        ?|         2|          1|          1|     ?|       yes|
        +-------------------+---------+---------+----------+-----------+-----------+------+----------+

============================================================
+ Verbose Summary: Synthesis Manager
============================================================
InlineROM: 1
ExposeGlobal: 0
============================================================
+ Verbose Summary: CDFG Model
============================================================
IsTopModel: 0
ResetActiveHigh: 1
IsCombinational: 0
IsDatapathOnly: 0
HasWiredReturn: 1
HasMFsm: 2
HasVarLatency: 1
IsPipeline: 0
IsRtlPipelined: 0
IsInstanceOverlapped: 0
IsDontTouch: 0
HasImplIP: 0
IsGatedGlobalClock: 0

+ Individual pipeline summary: 
  * Pipeline-0: initiation interval (II) = 1, depth = 2


============================================================
+ Verbose Summary: Schedule
============================================================
* Number of FSM states : 2
* Pipeline : 1
  Pipeline-0 : II = 1, D = 2, States = { 1 2 }
* Dataflow Pipeline: 0

* FSM state transitions: 
1 --> 2 
2 --> 

* FSM state operations: 

State 1 <SV = 0> <Delay = 1.69>
ST_1 : Operation 5 [1/1] (0.00ns)   --->   "%i = alloca i32 1" [mm2s.cpp:14]   --->   Operation 5 'alloca' 'i' <Predicate = true> <Delay = 0.00>
ST_1 : Operation 6 [1/1] (0.00ns)   --->   "%add_ln20_read = read i32 @_ssdm_op_Read.ap_auto.i32, i32 %add_ln20"   --->   Operation 6 'read' 'add_ln20_read' <Predicate = true> <Delay = 0.00>
ST_1 : Operation 7 [1/1] (0.00ns)   --->   "%sext_ln14_read = read i62 @_ssdm_op_Read.ap_auto.i62, i62 %sext_ln14"   --->   Operation 7 'read' 'sext_ln14_read' <Predicate = true> <Delay = 0.00>
ST_1 : Operation 8 [1/1] (0.00ns)   --->   "%size_read = read i32 @_ssdm_op_Read.ap_auto.i32, i32 %size"   --->   Operation 8 'read' 'size_read' <Predicate = true> <Delay = 0.00>
ST_1 : Operation 9 [1/1] (0.00ns)   --->   "%sext_ln14_cast = sext i62 %sext_ln14_read"   --->   Operation 9 'sext' 'sext_ln14_cast' <Predicate = true> <Delay = 0.00>
ST_1 : Operation 10 [1/1] (0.00ns)   --->   "%specaxissidechannel_ln0 = specaxissidechannel void @_ssdm_op_SpecAXISSideChannel, i32 %s_V_data_V, i4 %s_V_keep_V, i4 %s_V_strb_V, i1 0, i1 %s_V_last_V, i1 0, i1 0, void @empty_7"   --->   Operation 10 'specaxissidechannel' 'specaxissidechannel_ln0' <Predicate = true> <Delay = 0.00>
ST_1 : Operation 11 [1/1] (0.00ns)   --->   "%specinterface_ln0 = specinterface void @_ssdm_op_SpecInterface, i1 %s_V_last_V, i4 %s_V_strb_V, i4 %s_V_keep_V, i32 %s_V_data_V, void @empty_12, i32 0, i32 0, void @empty_13, i32 0, i32 0, void @empty_3, void @empty_3, void @empty_3, i32 0, i32 0, i32 0, i32 0, void @empty_3, void @empty_3, i32 4294967295, i32 0, i32 0, i32 0"   --->   Operation 11 'specinterface' 'specinterface_ln0' <Predicate = true> <Delay = 0.00>
ST_1 : Operation 12 [1/1] (0.00ns)   --->   "%specinterface_ln0 = specinterface void @_ssdm_op_SpecInterface, i32 %gmem, void @empty_2, i32 0, i32 0, void @empty_3, i32 64, i32 0, void @empty_4, void @empty_5, void @empty_3, i32 16, i32 16, i32 16, i32 16, void @empty_3, void @empty_3, i32 4294967295, i32 0, i32 0, i32 4"   --->   Operation 12 'specinterface' 'specinterface_ln0' <Predicate = true> <Delay = 0.00>
ST_1 : Operation 13 [1/1] (0.42ns)   --->   "%store_ln14 = store i31 0, i31 %i" [mm2s.cpp:14]   --->   Operation 13 'store' 'store_ln14' <Predicate = true> <Delay = 0.42>
ST_1 : Operation 14 [1/1] (0.00ns)   --->   "%br_ln0 = br void %for.inc"   --->   Operation 14 'br' 'br_ln0' <Predicate = true> <Delay = 0.00>
ST_1 : Operation 15 [1/1] (0.00ns)   --->   "%i_1 = load i31 %i" [mm2s.cpp:14]   --->   Operation 15 'load' 'i_1' <Predicate = true> <Delay = 0.00>
ST_1 : Operation 16 [1/1] (0.00ns)   --->   "%specbitsmap_ln0 = specbitsmap void @_ssdm_op_SpecBitsMap, i32 %gmem"   --->   Operation 16 'specbitsmap' 'specbitsmap_ln0' <Predicate = true> <Delay = 0.00>
ST_1 : Operation 17 [1/1] (0.00ns)   --->   "%zext_ln14 = zext i31 %i_1" [mm2s.cpp:14]   --->   Operation 17 'zext' 'zext_ln14' <Predicate = true> <Delay = 0.00>
ST_1 : Operation 18 [1/1] (0.67ns)   --->   "%icmp_ln14 = icmp_slt  i32 %zext_ln14, i32 %size_read" [mm2s.cpp:14]   --->   Operation 18 'icmp' 'icmp_ln14' <Predicate = true> <Delay = 0.67> <CoreInst = "Cmp">   --->   Core 9 'Cmp' <Latency = 0> <II = 1> <Delay = 0.67> <FuncUnit> <Opcode : 'setle' 'setge' 'setlt' 'setgt'> <InPorts = 2> <OutPorts = 1>
ST_1 : Operation 19 [1/1] (0.00ns)   --->   "%br_ln14 = br i1 %icmp_ln14, void %for.end.loopexit.exitStub, void %for.inc.split" [mm2s.cpp:14]   --->   Operation 19 'br' 'br_ln14' <Predicate = true> <Delay = 0.00>
ST_1 : Operation 20 [1/1] (0.85ns)   --->   "%add_ln14 = add i31 %i_1, i31 1" [mm2s.cpp:14]   --->   Operation 20 'add' 'add_ln14' <Predicate = (icmp_ln14)> <Delay = 0.85> <CoreInst = "Adder">   --->   Core 1 'Adder' <Latency = 0> <II = 1> <Delay = 0.85> <FuncUnit> <Opcode : 'add' 'sub'> <InPorts = 2> <OutPorts = 1>
ST_1 : Operation 21 [1/1] (0.70ns)   --->   "%icmp_ln20 = icmp_eq  i32 %zext_ln14, i32 %add_ln20_read" [mm2s.cpp:20]   --->   Operation 21 'icmp' 'icmp_ln20' <Predicate = (icmp_ln14)> <Delay = 0.70> <CoreInst = "ICmp_EQ">   --->   Core 156 'ICmp_EQ' <Latency = 0> <II = 1> <Delay = 0.70> <FuncUnit> <Opcode : 'seteq' 'setne'> <InPorts = 2> <OutPorts = 1>
ST_1 : Operation 22 [1/1] (0.42ns)   --->   "%store_ln14 = store i31 %add_ln14, i31 %i" [mm2s.cpp:14]   --->   Operation 22 'store' 'store_ln14' <Predicate = (icmp_ln14)> <Delay = 0.42>
ST_1 : Operation 30 [1/1] (0.28ns)   --->   "%ret_ln0 = ret"   --->   Operation 30 'ret' 'ret_ln0' <Predicate = (!icmp_ln14)> <Delay = 0.28>

State 2 <SV = 1> <Delay = 1.50>
ST_2 : Operation 23 [1/1] (0.00ns)   --->   "%gmem_addr = getelementptr i32 %gmem, i64 %sext_ln14_cast" [mm2s.cpp:14]   --->   Operation 23 'getelementptr' 'gmem_addr' <Predicate = true> <Delay = 0.00>
ST_2 : Operation 24 [1/1] (0.00ns)   --->   "%specpipeline_ln15 = specpipeline void @_ssdm_op_SpecPipeline, i32 1, i32 0, i32 0, i32 0, i32 4294967295, void @empty_3" [mm2s.cpp:15]   --->   Operation 24 'specpipeline' 'specpipeline_ln15' <Predicate = true> <Delay = 0.00>
ST_2 : Operation 25 [1/1] (0.00ns)   --->   "%specloopname_ln14 = specloopname void @_ssdm_op_SpecLoopName, void @empty_10" [mm2s.cpp:14]   --->   Operation 25 'specloopname' 'specloopname_ln14' <Predicate = true> <Delay = 0.00>
ST_2 : Operation 26 [1/1] (0.00ns)   --->   "%muxLogicAXIMCE_to_gmem_addr_read = muxlogic"   --->   Operation 26 'muxlogic' 'muxLogicAXIMCE_to_gmem_addr_read' <Predicate = true> <Delay = 0.00>
ST_2 : Operation 27 [1/1] ( I:1.11ns O:0.83ns )   --->   "%gmem_addr_read = read i32 @_ssdm_op_Read.m_axi.i32.p1i32, i32 %gmem_addr" [mm2s.cpp:17]   --->   Operation 27 'read' 'gmem_addr_read' <Predicate = true> <Delay = 1.11> <CoreInst = "m_axi">   --->   Core 123 'm_axi' <Latency = 0> <II = 1> <Delay = 1.56> <Adapter> <Opcode : 'readrequnaligned' 'writerequnaligned' 'read' 'write' 'readreq' 'writereq' 'writeresp'>
ST_2 : Operation 28 [1/1] ( I:0.66ns O:0.66ns )   --->   "%write_ln21 = write void @_ssdm_op_Write.axis.volatile.i32P0A.i4P0A.i4P0A.i1P0A, i32 %s_V_data_V, i4 %s_V_keep_V, i4 %s_V_strb_V, i1 %s_V_last_V, i32 %gmem_addr_read, i4 15, i4 15, i1 %icmp_ln20" [mm2s.cpp:21]   --->   Operation 28 'write' 'write_ln21' <Predicate = true> <Delay = 0.66> <CoreInst = "regslice">   --->   Core 159 'regslice' <Latency = 0> <II = 1> <Delay = 0.76> <Adapter> <Opcode : 'read' 'write'>
ST_2 : Operation 29 [1/1] (0.00ns)   --->   "%br_ln14 = br void %for.inc" [mm2s.cpp:14]   --->   Operation 29 'br' 'br_ln14' <Predicate = true> <Delay = 0.00>


============================================================
+ Verbose Summary: Timing violations
============================================================
Target clock period: 3.200ns, clock uncertainty: 0.864ns.

 <State 1>: 1.693ns
The critical path consists of the following:
	'store' operation ('store_ln14', mm2s.cpp:14) of constant 0 31 bit on local variable 'i', mm2s.cpp:14 [17]  (0.421 ns)
	'load' operation 31 bit ('i', mm2s.cpp:14) on local variable 'i', mm2s.cpp:14 [20]  (0.000 ns)
	'add' operation 31 bit ('add_ln14', mm2s.cpp:14) [26]  (0.851 ns)
	'store' operation ('store_ln14', mm2s.cpp:14) of variable 'add_ln14', mm2s.cpp:14 31 bit on local variable 'i', mm2s.cpp:14 [34]  (0.421 ns)

 <State 2>: 1.507ns
The critical path consists of the following:
	'getelementptr' operation 32 bit ('gmem_addr', mm2s.cpp:14) [27]  (0.000 ns)
	bus read operation ('gmem_addr_read', mm2s.cpp:17) on port 'gmem' (mm2s.cpp:17) [31]  (0.838 ns)
	axis write operation ('write_ln21', mm2s.cpp:21) on port 's_V_data_V' (mm2s.cpp:21) [33]  (0.669 ns)


============================================================
+ Verbose Summary: Binding
============================================================
N/A
* FSMD analyzer results:
  - Output states:
 - Input state : 
  - Chain level:
	State 1
	State 2


============================================================
+ Verbose Summary: Datapath Resource usage 
============================================================
N/A
