

================================================================
== Vitis HLS Report for 'mm2s'
================================================================
* Date:           Wed Jun 24 13:47:44 2026

* Version:        2025.2 (Build 6295257 on Nov 14 2025)
* Project:        mm2s
* Solution:       hls (Vitis Kernel Flow Target)
* Product family: versalaiedge
* Target device:  xcve2802-vsvh1760-2MP-e-S


================================================================
== Performance Estimates
================================================================
+ Timing: 
    * Summary: 
    +--------+---------+----------+------------+
    |  Clock |  Target | Estimated| Uncertainty|
    +--------+---------+----------+------------+
    |ap_clk  |  3.20 ns|  2.194 ns|     0.86 ns|
    +--------+---------+----------+------------+

+ Latency: 
    * Summary: 
    +---------+---------+----------+----------+-----+-----+---------+
    |  Latency (cycles) |  Latency (absolute) |  Interval | Pipeline|
    |   min   |   max   |    min   |    max   | min | max |   Type  |
    +---------+---------+----------+----------+-----+-----+---------+
    |        ?|        ?|         ?|         ?|    ?|    ?|       no|
    +---------+---------+----------+----------+-----+-----+---------+

    + Detail: 
        * Instance: 
        +------------------------------------------+-------------------------------+---------+---------+----------+----------+-----+-----+-------------------+
        |                                          |                               |  Latency (cycles) |  Latency (absolute) |  Interval |      Pipeline     |
        |                 Instance                 |             Module            |   min   |   max   |    min   |    max   | min | max |        Type       |
        +------------------------------------------+-------------------------------+---------+---------+----------+----------+-----+-----+-------------------+
        |grp_mm2s_Pipeline_VITIS_LOOP_14_1_fu_102  |mm2s_Pipeline_VITIS_LOOP_14_1  |        ?|        ?|         ?|         ?|    0|    0|  loop pipeline stp|
        +------------------------------------------+-------------------------------+---------+---------+----------+----------+-----+-----+-------------------+

        * Loop: 
        N/A



================================================================
== Utilization Estimates
================================================================
* Summary: 
+-----------------+---------+------+---------+--------+-----+
|       Name      | BRAM_18K|  DSP |    FF   |   LUT  | URAM|
+-----------------+---------+------+---------+--------+-----+
|DSP              |        -|     -|        -|       -|    -|
|Expression       |        -|     -|        0|      80|    -|
|FIFO             |        -|     -|        -|       -|    -|
|Instance         |        1|     -|     1304|    1374|    0|
|Memory           |        -|     -|        -|       -|    -|
|Multiplexer      |        -|     -|        0|     192|    -|
|Register         |        -|     -|      281|       -|    -|
+-----------------+---------+------+---------+--------+-----+
|Total            |        1|     0|     1585|    1646|    0|
+-----------------+---------+------+---------+--------+-----+
|Available        |     1200|  1312|  1041408|  520704|  264|
+-----------------+---------+------+---------+--------+-----+
|Utilization (%)  |       ~0|     0|       ~0|      ~0|    0|
+-----------------+---------+------+---------+--------+-----+

+ Detail: 
    * Instance: 
    +------------------------------------------+-------------------------------+---------+----+------+------+-----+
    |                 Instance                 |             Module            | BRAM_18K| DSP|  FF  |  LUT | URAM|
    +------------------------------------------+-------------------------------+---------+----+------+------+-----+
    |control_s_axi_U                           |control_s_axi                  |        0|   0|   144|   232|    0|
    |gmem_m_axi_U                              |gmem_m_axi                     |        1|   0|  1125|  1008|    0|
    |grp_mm2s_Pipeline_VITIS_LOOP_14_1_fu_102  |mm2s_Pipeline_VITIS_LOOP_14_1  |        0|   0|    35|   134|    0|
    +------------------------------------------+-------------------------------+---------+----+------+------+-----+
    |Total                                     |                               |        1|   0|  1304|  1374|    0|
    +------------------------------------------+-------------------------------+---------+----+------+------+-----+

    * DSP: 
    N/A

    * Memory: 
    N/A

    * FIFO: 
    N/A

    * Expression: 
    +---------------------------------------------------+----------+----+---+----+------------+------------+
    |                   Variable Name                   | Operation| DSP| FF| LUT| Bitwidth P0| Bitwidth P1|
    +---------------------------------------------------+----------+----+---+----+------------+------------+
    |add_ln20_fu_169_p2                                 |         +|   0|  0|  32|          32|           2|
    |grp_mm2s_Pipeline_VITIS_LOOP_14_1_fu_102_s_TREADY  |       and|   0|  0|   2|           1|           1|
    |icmp_ln14_fu_123_p2                                |      icmp|   0|  0|  16|          32|           1|
    |ap_block_state1                                    |        or|   0|  0|   2|           1|           1|
    |empty_fu_149_p3                                    |    select|   0|  0|  28|           1|          31|
    +---------------------------------------------------+----------+----+---+----+------------+------------+
    |Total                                              |          |   0|  0|  80|          67|          36|
    +---------------------------------------------------+----------+----+---+----+------------+------------+

    * Multiplexer: 
    +----------------------+----+-----------+-----+-----------+
    |         Name         | LUT| Input Size| Bits| Total Bits|
    +----------------------+----+-----------+-----+-----------+
    |ap_NS_fsm             |  43|         79|    1|         79|
    |ap_done               |   1|          2|    1|          2|
    |gmem_0_ARADDR         |  64|          3|   64|        192|
    |gmem_0_ARLEN          |  32|          3|   32|         96|
    |gmem_0_ARVALID        |   1|          3|    1|          3|
    |gmem_0_RREADY         |   1|          2|    1|          2|
    |gmem_blk_n_AR         |   1|          2|    1|          2|
    |s_TDATA_int_regslice  |  32|          2|   32|         64|
    |s_TKEEP_int_regslice  |   8|          2|    4|          8|
    |s_TLAST_int_regslice  |   1|          2|    1|          2|
    |s_TSTRB_int_regslice  |   8|          2|    4|          8|
    +----------------------+----+-----------+-----+-----------+
    |Total                 | 192|        102|  142|        458|
    +----------------------+----+-----------+-----+-----------+

    * Register: 
    +-------------------------------------------------------+----+----+-----+-----------+
    |                          Name                         | FF | LUT| Bits| Const Bits|
    +-------------------------------------------------------+----+----+-----+-----------+
    |add_ln20_reg_202                                       |  32|   0|   32|          0|
    |ap_CS_fsm                                              |  78|   0|   78|          0|
    |ap_done_reg                                            |   1|   0|    1|          0|
    |ap_rst_n_inv                                           |   1|   0|    1|          0|
    |ap_rst_reg_1                                           |   1|   0|    1|          0|
    |ap_rst_reg_2                                           |   1|   0|    1|          0|
    |grp_mm2s_Pipeline_VITIS_LOOP_14_1_fu_102_ap_start_reg  |   1|   0|    1|          0|
    |s_TDATA_reg                                            |  32|   0|   32|          0|
    |s_TKEEP_reg                                            |   4|   0|    4|          0|
    |s_TLAST_reg                                            |   1|   0|    1|          0|
    |s_TSTRB_reg                                            |   4|   0|    4|          0|
    |size_read_reg_175                                      |  32|   0|   32|          0|
    |trunc_ln14_reg_182                                     |  31|   0|   31|          0|
    |trunc_ln_reg_187                                       |  62|   0|   62|          0|
    +-------------------------------------------------------+----+----+-----+-----------+
    |Total                                                  | 281|   0|  281|          0|
    +-------------------------------------------------------+----+----+-----+-----------+



================================================================
== Interface
================================================================
* Summary: 
+-----------------------+-----+-----+---------------+--------------+--------------+
|       RTL Ports       | Dir | Bits|    Protocol   | Source Object|    C Type    |
+-----------------------+-----+-----+---------------+--------------+--------------+
|s_axi_control_AWVALID  |   in|    1|          s_axi|       control|        scalar|
|s_axi_control_AWREADY  |  out|    1|          s_axi|       control|        scalar|
|s_axi_control_AWADDR   |   in|    6|          s_axi|       control|        scalar|
|s_axi_control_WVALID   |   in|    1|          s_axi|       control|        scalar|
|s_axi_control_WREADY   |  out|    1|          s_axi|       control|        scalar|
|s_axi_control_WDATA    |   in|   32|          s_axi|       control|        scalar|
|s_axi_control_WSTRB    |   in|    4|          s_axi|       control|        scalar|
|s_axi_control_ARVALID  |   in|    1|          s_axi|       control|        scalar|
|s_axi_control_ARREADY  |  out|    1|          s_axi|       control|        scalar|
|s_axi_control_ARADDR   |   in|    6|          s_axi|       control|        scalar|
|s_axi_control_RVALID   |  out|    1|          s_axi|       control|        scalar|
|s_axi_control_RREADY   |   in|    1|          s_axi|       control|        scalar|
|s_axi_control_RDATA    |  out|   32|          s_axi|       control|        scalar|
|s_axi_control_RRESP    |  out|    2|          s_axi|       control|        scalar|
|s_axi_control_BVALID   |  out|    1|          s_axi|       control|        scalar|
|s_axi_control_BREADY   |   in|    1|          s_axi|       control|        scalar|
|s_axi_control_BRESP    |  out|    2|          s_axi|       control|        scalar|
|ap_clk                 |   in|    1|  ap_ctrl_chain|          mm2s|  return value|
|ap_rst_n               |   in|    1|  ap_ctrl_chain|          mm2s|  return value|
|interrupt              |  out|    1|  ap_ctrl_chain|          mm2s|  return value|
|m_axi_gmem_AWVALID     |  out|    1|          m_axi|          gmem|       pointer|
|m_axi_gmem_AWREADY     |   in|    1|          m_axi|          gmem|       pointer|
|m_axi_gmem_AWADDR      |  out|   64|          m_axi|          gmem|       pointer|
|m_axi_gmem_AWID        |  out|    1|          m_axi|          gmem|       pointer|
|m_axi_gmem_AWLEN       |  out|    8|          m_axi|          gmem|       pointer|
|m_axi_gmem_AWSIZE      |  out|    3|          m_axi|          gmem|       pointer|
|m_axi_gmem_AWBURST     |  out|    2|          m_axi|          gmem|       pointer|
|m_axi_gmem_AWLOCK      |  out|    2|          m_axi|          gmem|       pointer|
|m_axi_gmem_AWCACHE     |  out|    4|          m_axi|          gmem|       pointer|
|m_axi_gmem_AWPROT      |  out|    3|          m_axi|          gmem|       pointer|
|m_axi_gmem_AWQOS       |  out|    4|          m_axi|          gmem|       pointer|
|m_axi_gmem_AWREGION    |  out|    4|          m_axi|          gmem|       pointer|
|m_axi_gmem_AWUSER      |  out|    1|          m_axi|          gmem|       pointer|
|m_axi_gmem_WVALID      |  out|    1|          m_axi|          gmem|       pointer|
|m_axi_gmem_WREADY      |   in|    1|          m_axi|          gmem|       pointer|
|m_axi_gmem_WDATA       |  out|   32|          m_axi|          gmem|       pointer|
|m_axi_gmem_WSTRB       |  out|    4|          m_axi|          gmem|       pointer|
|m_axi_gmem_WLAST       |  out|    1|          m_axi|          gmem|       pointer|
|m_axi_gmem_WID         |  out|    1|          m_axi|          gmem|       pointer|
|m_axi_gmem_WUSER       |  out|    1|          m_axi|          gmem|       pointer|
|m_axi_gmem_ARVALID     |  out|    1|          m_axi|          gmem|       pointer|
|m_axi_gmem_ARREADY     |   in|    1|          m_axi|          gmem|       pointer|
|m_axi_gmem_ARADDR      |  out|   64|          m_axi|          gmem|       pointer|
|m_axi_gmem_ARID        |  out|    1|          m_axi|          gmem|       pointer|
|m_axi_gmem_ARLEN       |  out|    8|          m_axi|          gmem|       pointer|
|m_axi_gmem_ARSIZE      |  out|    3|          m_axi|          gmem|       pointer|
|m_axi_gmem_ARBURST     |  out|    2|          m_axi|          gmem|       pointer|
|m_axi_gmem_ARLOCK      |  out|    2|          m_axi|          gmem|       pointer|
|m_axi_gmem_ARCACHE     |  out|    4|          m_axi|          gmem|       pointer|
|m_axi_gmem_ARPROT      |  out|    3|          m_axi|          gmem|       pointer|
|m_axi_gmem_ARQOS       |  out|    4|          m_axi|          gmem|       pointer|
|m_axi_gmem_ARREGION    |  out|    4|          m_axi|          gmem|       pointer|
|m_axi_gmem_ARUSER      |  out|    1|          m_axi|          gmem|       pointer|
|m_axi_gmem_RVALID      |   in|    1|          m_axi|          gmem|       pointer|
|m_axi_gmem_RREADY      |  out|    1|          m_axi|          gmem|       pointer|
|m_axi_gmem_RDATA       |   in|   32|          m_axi|          gmem|       pointer|
|m_axi_gmem_RLAST       |   in|    1|          m_axi|          gmem|       pointer|
|m_axi_gmem_RID         |   in|    1|          m_axi|          gmem|       pointer|
|m_axi_gmem_RUSER       |   in|    1|          m_axi|          gmem|       pointer|
|m_axi_gmem_RRESP       |   in|    2|          m_axi|          gmem|       pointer|
|m_axi_gmem_BVALID      |   in|    1|          m_axi|          gmem|       pointer|
|m_axi_gmem_BREADY      |  out|    1|          m_axi|          gmem|       pointer|
|m_axi_gmem_BRESP       |   in|    2|          m_axi|          gmem|       pointer|
|m_axi_gmem_BID         |   in|    1|          m_axi|          gmem|       pointer|
|m_axi_gmem_BUSER       |   in|    1|          m_axi|          gmem|       pointer|
|s_TDATA                |  out|   32|           axis|    s_V_data_V|       pointer|
|s_TVALID               |  out|    1|           axis|    s_V_last_V|       pointer|
|s_TREADY               |   in|    1|           axis|    s_V_last_V|       pointer|
|s_TLAST                |  out|    1|           axis|    s_V_last_V|       pointer|
|s_TKEEP                |  out|    4|           axis|    s_V_keep_V|       pointer|
|s_TSTRB                |  out|    4|           axis|    s_V_strb_V|       pointer|
+-----------------------+-----+-----+---------------+--------------+--------------+

============================================================
+ Verbose Summary: Synthesis Manager
============================================================
InlineROM: 1
ExposeGlobal: 0
============================================================
+ Verbose Summary: CDFG Model
============================================================
IsTopModel: 1
ResetActiveHigh: 1
IsCombinational: 2
IsDatapathOnly: 2
HasWiredReturn: 1
HasMFsm: 0
HasVarLatency: 1
IsPipeline: 0
IsRtlPipelined: 0
IsInstanceOverlapped: 0
IsDontTouch: 0
HasImplIP: 0
IsGatedGlobalClock: 0


============================================================
+ Verbose Summary: Schedule
============================================================
* Number of FSM states : 78
* Pipeline : 0
* Dataflow Pipeline: 0

* FSM state transitions: 
1 --> 2 
2 --> 3 
3 --> 4 
4 --> 5 
5 --> 6 
6 --> 7 
7 --> 8 
8 --> 9 
9 --> 10 
10 --> 11 
11 --> 12 
12 --> 13 
13 --> 14 
14 --> 15 
15 --> 16 
16 --> 17 
17 --> 18 
18 --> 19 
19 --> 20 
20 --> 21 
21 --> 22 
22 --> 23 
23 --> 24 
24 --> 25 
25 --> 26 
26 --> 27 
27 --> 28 
28 --> 29 
29 --> 30 
30 --> 31 
31 --> 32 
32 --> 33 
33 --> 34 
34 --> 35 
35 --> 36 
36 --> 37 
37 --> 38 
38 --> 39 
39 --> 40 
40 --> 41 
41 --> 42 
42 --> 43 
43 --> 44 
44 --> 45 
45 --> 46 
46 --> 47 
47 --> 48 
48 --> 49 
49 --> 50 
50 --> 51 
51 --> 52 
52 --> 53 
53 --> 54 
54 --> 55 
55 --> 56 
56 --> 57 
57 --> 58 
58 --> 59 
59 --> 60 
60 --> 61 
61 --> 62 
62 --> 63 
63 --> 64 
64 --> 65 
65 --> 66 
66 --> 67 
67 --> 68 
68 --> 69 
69 --> 70 
70 --> 71 
71 --> 72 
72 --> 73 
73 --> 74 
74 --> 75 
75 --> 76 
76 --> 77 
77 --> 78 
78 --> 

* FSM state operations: 

State 1 <SV = 0> <Delay = 1.00>
ST_1 : Operation 79 [1/1] (1.00ns)   --->   "%size_read = read i32 @_ssdm_op_Read.ap_none.i32, i32 %size" [mm2s.cpp:7]   --->   Operation 79 'read' 'size_read' <Predicate = true> <Delay = 1.00> <CoreInst = "s_axilite">   --->   Core 124 's_axilite' <Latency = 0> <II = 1> <Delay = 1.00> <Adapter> <Opcode : 'read' 'write'>
ST_1 : Operation 80 [1/1] (0.00ns)   --->   "%trunc_ln14 = trunc i32 %size_read" [mm2s.cpp:14]   --->   Operation 80 'trunc' 'trunc_ln14' <Predicate = true> <Delay = 0.00>

State 2 <SV = 1> <Delay = 2.19>
ST_2 : Operation 81 [1/1] (1.00ns)   --->   "%mem_read = read i64 @_ssdm_op_Read.s_axilite.i64, i64 %mem" [mm2s.cpp:7]   --->   Operation 81 'read' 'mem_read' <Predicate = true> <Delay = 1.00> <CoreInst = "s_axilite">   --->   Core 124 's_axilite' <Latency = 0> <II = 1> <Delay = 1.00> <Adapter> <Opcode : 'read' 'write'>
ST_2 : Operation 82 [1/1] (0.67ns)   --->   "%icmp_ln14 = icmp_sgt  i32 %size_read, i32 0" [mm2s.cpp:14]   --->   Operation 82 'icmp' 'icmp_ln14' <Predicate = true> <Delay = 0.67> <CoreInst = "Cmp">   --->   Core 9 'Cmp' <Latency = 0> <II = 1> <Delay = 0.67> <FuncUnit> <Opcode : 'setle' 'setge' 'setlt' 'setgt'> <InPorts = 2> <OutPorts = 1>
ST_2 : Operation 83 [1/1] (0.00ns)   --->   "%trunc_ln = partselect i62 @_ssdm_op_PartSelect.i62.i64.i32.i32, i64 %mem_read, i32 2, i32 63" [mm2s.cpp:14]   --->   Operation 83 'partselect' 'trunc_ln' <Predicate = true> <Delay = 0.00>
ST_2 : Operation 84 [1/1] (0.00ns)   --->   "%sext_ln14 = sext i62 %trunc_ln" [mm2s.cpp:14]   --->   Operation 84 'sext' 'sext_ln14' <Predicate = true> <Delay = 0.00>
ST_2 : Operation 85 [1/1] (0.00ns)   --->   "%gmem_addr = getelementptr i32 %gmem, i64 %sext_ln14" [mm2s.cpp:14]   --->   Operation 85 'getelementptr' 'gmem_addr' <Predicate = true> <Delay = 0.00>
ST_2 : Operation 86 [1/1] (0.41ns)   --->   "%empty = select i1 %icmp_ln14, i31 %trunc_ln14, i31 0" [mm2s.cpp:14]   --->   Operation 86 'select' 'empty' <Predicate = true> <Delay = 0.41> <CoreInst = "Sel">   --->   Core 77 'Sel' <Latency = 0> <II = 1> <Delay = 0.41> <FuncUnit> <Opcode : 'select'> <InPorts = 3> <OutPorts = 1>
ST_2 : Operation 87 [1/1] (0.00ns)   --->   "%zext_ln14 = zext i31 %empty" [mm2s.cpp:14]   --->   Operation 87 'zext' 'zext_ln14' <Predicate = true> <Delay = 0.00>
ST_2 : Operation 88 [1/1] (0.00ns)   --->   "%muxLogicAXIMAddr_to_empty_21 = muxlogic i64 %gmem_addr"   --->   Operation 88 'muxlogic' 'muxLogicAXIMAddr_to_empty_21' <Predicate = true> <Delay = 0.00>
ST_2 : Operation 89 [1/1] (0.00ns)   --->   "%muxLogicAXIMBurst_to_empty_21 = muxlogic i64 %zext_ln14"   --->   Operation 89 'muxlogic' 'muxLogicAXIMBurst_to_empty_21' <Predicate = true> <Delay = 0.00>
ST_2 : Operation 90 [74/74] (1.11ns)   --->   "%empty_21 = readreq i1 @_ssdm_op_ReadReq.m_axi.p1i32, i64 %gmem_addr, i64 %zext_ln14" [mm2s.cpp:14]   --->   Operation 90 'readreq' 'empty_21' <Predicate = true> <Delay = 1.11> <CoreInst = "m_axi">   --->   Core 123 'm_axi' <Latency = 9> <II = 1> <Delay = 1.56> <Adapter> <Opcode : 'readrequnaligned' 'writerequnaligned' 'read' 'write' 'readreq' 'writereq' 'writeresp'>

State 3 <SV = 2> <Delay = 0.00>
ST_3 : Operation 91 [73/74] (2.33ns)   --->   "%empty_21 = readreq i1 @_ssdm_op_ReadReq.m_axi.p1i32, i64 %gmem_addr, i64 %zext_ln14" [mm2s.cpp:14]   --->   Operation 91 'readreq' 'empty_21' <Predicate = true> <Delay = 2.33> <CoreInst = "m_axi">   --->   Core 123 'm_axi' <Latency = 9> <II = 1> <Delay = 1.56> <Adapter> <Opcode : 'readrequnaligned' 'writerequnaligned' 'read' 'write' 'readreq' 'writereq' 'writeresp'>

State 4 <SV = 3> <Delay = 0.00>
ST_4 : Operation 92 [72/74] (2.33ns)   --->   "%empty_21 = readreq i1 @_ssdm_op_ReadReq.m_axi.p1i32, i64 %gmem_addr, i64 %zext_ln14" [mm2s.cpp:14]   --->   Operation 92 'readreq' 'empty_21' <Predicate = true> <Delay = 2.33> <CoreInst = "m_axi">   --->   Core 123 'm_axi' <Latency = 9> <II = 1> <Delay = 1.56> <Adapter> <Opcode : 'readrequnaligned' 'writerequnaligned' 'read' 'write' 'readreq' 'writereq' 'writeresp'>

State 5 <SV = 4> <Delay = 0.00>
ST_5 : Operation 93 [71/74] (2.33ns)   --->   "%empty_21 = readreq i1 @_ssdm_op_ReadReq.m_axi.p1i32, i64 %gmem_addr, i64 %zext_ln14" [mm2s.cpp:14]   --->   Operation 93 'readreq' 'empty_21' <Predicate = true> <Delay = 2.33> <CoreInst = "m_axi">   --->   Core 123 'm_axi' <Latency = 9> <II = 1> <Delay = 1.56> <Adapter> <Opcode : 'readrequnaligned' 'writerequnaligned' 'read' 'write' 'readreq' 'writereq' 'writeresp'>

State 6 <SV = 5> <Delay = 0.00>
ST_6 : Operation 94 [70/74] (2.33ns)   --->   "%empty_21 = readreq i1 @_ssdm_op_ReadReq.m_axi.p1i32, i64 %gmem_addr, i64 %zext_ln14" [mm2s.cpp:14]   --->   Operation 94 'readreq' 'empty_21' <Predicate = true> <Delay = 2.33> <CoreInst = "m_axi">   --->   Core 123 'm_axi' <Latency = 9> <II = 1> <Delay = 1.56> <Adapter> <Opcode : 'readrequnaligned' 'writerequnaligned' 'read' 'write' 'readreq' 'writereq' 'writeresp'>

State 7 <SV = 6> <Delay = 0.00>
ST_7 : Operation 95 [69/74] (2.33ns)   --->   "%empty_21 = readreq i1 @_ssdm_op_ReadReq.m_axi.p1i32, i64 %gmem_addr, i64 %zext_ln14" [mm2s.cpp:14]   --->   Operation 95 'readreq' 'empty_21' <Predicate = true> <Delay = 2.33> <CoreInst = "m_axi">   --->   Core 123 'm_axi' <Latency = 9> <II = 1> <Delay = 1.56> <Adapter> <Opcode : 'readrequnaligned' 'writerequnaligned' 'read' 'write' 'readreq' 'writereq' 'writeresp'>

State 8 <SV = 7> <Delay = 0.00>
ST_8 : Operation 96 [68/74] (2.33ns)   --->   "%empty_21 = readreq i1 @_ssdm_op_ReadReq.m_axi.p1i32, i64 %gmem_addr, i64 %zext_ln14" [mm2s.cpp:14]   --->   Operation 96 'readreq' 'empty_21' <Predicate = true> <Delay = 2.33> <CoreInst = "m_axi">   --->   Core 123 'm_axi' <Latency = 9> <II = 1> <Delay = 1.56> <Adapter> <Opcode : 'readrequnaligned' 'writerequnaligned' 'read' 'write' 'readreq' 'writereq' 'writeresp'>

State 9 <SV = 8> <Delay = 0.00>
ST_9 : Operation 97 [67/74] (2.33ns)   --->   "%empty_21 = readreq i1 @_ssdm_op_ReadReq.m_axi.p1i32, i64 %gmem_addr, i64 %zext_ln14" [mm2s.cpp:14]   --->   Operation 97 'readreq' 'empty_21' <Predicate = true> <Delay = 2.33> <CoreInst = "m_axi">   --->   Core 123 'm_axi' <Latency = 9> <II = 1> <Delay = 1.56> <Adapter> <Opcode : 'readrequnaligned' 'writerequnaligned' 'read' 'write' 'readreq' 'writereq' 'writeresp'>

State 10 <SV = 9> <Delay = 0.00>
ST_10 : Operation 98 [66/74] (2.33ns)   --->   "%empty_21 = readreq i1 @_ssdm_op_ReadReq.m_axi.p1i32, i64 %gmem_addr, i64 %zext_ln14" [mm2s.cpp:14]   --->   Operation 98 'readreq' 'empty_21' <Predicate = true> <Delay = 2.33> <CoreInst = "m_axi">   --->   Core 123 'm_axi' <Latency = 9> <II = 1> <Delay = 1.56> <Adapter> <Opcode : 'readrequnaligned' 'writerequnaligned' 'read' 'write' 'readreq' 'writereq' 'writeresp'>

State 11 <SV = 10> <Delay = 0.00>
ST_11 : Operation 99 [65/74] (2.33ns)   --->   "%empty_21 = readreq i1 @_ssdm_op_ReadReq.m_axi.p1i32, i64 %gmem_addr, i64 %zext_ln14" [mm2s.cpp:14]   --->   Operation 99 'readreq' 'empty_21' <Predicate = true> <Delay = 2.33> <CoreInst = "m_axi">   --->   Core 123 'm_axi' <Latency = 9> <II = 1> <Delay = 1.56> <Adapter> <Opcode : 'readrequnaligned' 'writerequnaligned' 'read' 'write' 'readreq' 'writereq' 'writeresp'>

State 12 <SV = 11> <Delay = 0.00>
ST_12 : Operation 100 [64/74] (2.33ns)   --->   "%empty_21 = readreq i1 @_ssdm_op_ReadReq.m_axi.p1i32, i64 %gmem_addr, i64 %zext_ln14" [mm2s.cpp:14]   --->   Operation 100 'readreq' 'empty_21' <Predicate = true> <Delay = 2.33> <CoreInst = "m_axi">   --->   Core 123 'm_axi' <Latency = 9> <II = 1> <Delay = 1.56> <Adapter> <Opcode : 'readrequnaligned' 'writerequnaligned' 'read' 'write' 'readreq' 'writereq' 'writeresp'>

State 13 <SV = 12> <Delay = 0.00>
ST_13 : Operation 101 [63/74] (2.33ns)   --->   "%empty_21 = readreq i1 @_ssdm_op_ReadReq.m_axi.p1i32, i64 %gmem_addr, i64 %zext_ln14" [mm2s.cpp:14]   --->   Operation 101 'readreq' 'empty_21' <Predicate = true> <Delay = 2.33> <CoreInst = "m_axi">   --->   Core 123 'm_axi' <Latency = 9> <II = 1> <Delay = 1.56> <Adapter> <Opcode : 'readrequnaligned' 'writerequnaligned' 'read' 'write' 'readreq' 'writereq' 'writeresp'>

State 14 <SV = 13> <Delay = 0.00>
ST_14 : Operation 102 [62/74] (2.33ns)   --->   "%empty_21 = readreq i1 @_ssdm_op_ReadReq.m_axi.p1i32, i64 %gmem_addr, i64 %zext_ln14" [mm2s.cpp:14]   --->   Operation 102 'readreq' 'empty_21' <Predicate = true> <Delay = 2.33> <CoreInst = "m_axi">   --->   Core 123 'm_axi' <Latency = 9> <II = 1> <Delay = 1.56> <Adapter> <Opcode : 'readrequnaligned' 'writerequnaligned' 'read' 'write' 'readreq' 'writereq' 'writeresp'>

State 15 <SV = 14> <Delay = 0.00>
ST_15 : Operation 103 [61/74] (2.33ns)   --->   "%empty_21 = readreq i1 @_ssdm_op_ReadReq.m_axi.p1i32, i64 %gmem_addr, i64 %zext_ln14" [mm2s.cpp:14]   --->   Operation 103 'readreq' 'empty_21' <Predicate = true> <Delay = 2.33> <CoreInst = "m_axi">   --->   Core 123 'm_axi' <Latency = 9> <II = 1> <Delay = 1.56> <Adapter> <Opcode : 'readrequnaligned' 'writerequnaligned' 'read' 'write' 'readreq' 'writereq' 'writeresp'>

State 16 <SV = 15> <Delay = 0.00>
ST_16 : Operation 104 [60/74] (2.33ns)   --->   "%empty_21 = readreq i1 @_ssdm_op_ReadReq.m_axi.p1i32, i64 %gmem_addr, i64 %zext_ln14" [mm2s.cpp:14]   --->   Operation 104 'readreq' 'empty_21' <Predicate = true> <Delay = 2.33> <CoreInst = "m_axi">   --->   Core 123 'm_axi' <Latency = 9> <II = 1> <Delay = 1.56> <Adapter> <Opcode : 'readrequnaligned' 'writerequnaligned' 'read' 'write' 'readreq' 'writereq' 'writeresp'>

State 17 <SV = 16> <Delay = 0.00>
ST_17 : Operation 105 [59/74] (2.33ns)   --->   "%empty_21 = readreq i1 @_ssdm_op_ReadReq.m_axi.p1i32, i64 %gmem_addr, i64 %zext_ln14" [mm2s.cpp:14]   --->   Operation 105 'readreq' 'empty_21' <Predicate = true> <Delay = 2.33> <CoreInst = "m_axi">   --->   Core 123 'm_axi' <Latency = 9> <II = 1> <Delay = 1.56> <Adapter> <Opcode : 'readrequnaligned' 'writerequnaligned' 'read' 'write' 'readreq' 'writereq' 'writeresp'>

State 18 <SV = 17> <Delay = 0.00>
ST_18 : Operation 106 [58/74] (2.33ns)   --->   "%empty_21 = readreq i1 @_ssdm_op_ReadReq.m_axi.p1i32, i64 %gmem_addr, i64 %zext_ln14" [mm2s.cpp:14]   --->   Operation 106 'readreq' 'empty_21' <Predicate = true> <Delay = 2.33> <CoreInst = "m_axi">   --->   Core 123 'm_axi' <Latency = 9> <II = 1> <Delay = 1.56> <Adapter> <Opcode : 'readrequnaligned' 'writerequnaligned' 'read' 'write' 'readreq' 'writereq' 'writeresp'>

State 19 <SV = 18> <Delay = 0.00>
ST_19 : Operation 107 [57/74] (2.33ns)   --->   "%empty_21 = readreq i1 @_ssdm_op_ReadReq.m_axi.p1i32, i64 %gmem_addr, i64 %zext_ln14" [mm2s.cpp:14]   --->   Operation 107 'readreq' 'empty_21' <Predicate = true> <Delay = 2.33> <CoreInst = "m_axi">   --->   Core 123 'm_axi' <Latency = 9> <II = 1> <Delay = 1.56> <Adapter> <Opcode : 'readrequnaligned' 'writerequnaligned' 'read' 'write' 'readreq' 'writereq' 'writeresp'>

State 20 <SV = 19> <Delay = 0.00>
ST_20 : Operation 108 [56/74] (2.33ns)   --->   "%empty_21 = readreq i1 @_ssdm_op_ReadReq.m_axi.p1i32, i64 %gmem_addr, i64 %zext_ln14" [mm2s.cpp:14]   --->   Operation 108 'readreq' 'empty_21' <Predicate = true> <Delay = 2.33> <CoreInst = "m_axi">   --->   Core 123 'm_axi' <Latency = 9> <II = 1> <Delay = 1.56> <Adapter> <Opcode : 'readrequnaligned' 'writerequnaligned' 'read' 'write' 'readreq' 'writereq' 'writeresp'>

State 21 <SV = 20> <Delay = 0.00>
ST_21 : Operation 109 [55/74] (2.33ns)   --->   "%empty_21 = readreq i1 @_ssdm_op_ReadReq.m_axi.p1i32, i64 %gmem_addr, i64 %zext_ln14" [mm2s.cpp:14]   --->   Operation 109 'readreq' 'empty_21' <Predicate = true> <Delay = 2.33> <CoreInst = "m_axi">   --->   Core 123 'm_axi' <Latency = 9> <II = 1> <Delay = 1.56> <Adapter> <Opcode : 'readrequnaligned' 'writerequnaligned' 'read' 'write' 'readreq' 'writereq' 'writeresp'>

State 22 <SV = 21> <Delay = 0.00>
ST_22 : Operation 110 [54/74] (2.33ns)   --->   "%empty_21 = readreq i1 @_ssdm_op_ReadReq.m_axi.p1i32, i64 %gmem_addr, i64 %zext_ln14" [mm2s.cpp:14]   --->   Operation 110 'readreq' 'empty_21' <Predicate = true> <Delay = 2.33> <CoreInst = "m_axi">   --->   Core 123 'm_axi' <Latency = 9> <II = 1> <Delay = 1.56> <Adapter> <Opcode : 'readrequnaligned' 'writerequnaligned' 'read' 'write' 'readreq' 'writereq' 'writeresp'>

State 23 <SV = 22> <Delay = 0.00>
ST_23 : Operation 111 [53/74] (2.33ns)   --->   "%empty_21 = readreq i1 @_ssdm_op_ReadReq.m_axi.p1i32, i64 %gmem_addr, i64 %zext_ln14" [mm2s.cpp:14]   --->   Operation 111 'readreq' 'empty_21' <Predicate = true> <Delay = 2.33> <CoreInst = "m_axi">   --->   Core 123 'm_axi' <Latency = 9> <II = 1> <Delay = 1.56> <Adapter> <Opcode : 'readrequnaligned' 'writerequnaligned' 'read' 'write' 'readreq' 'writereq' 'writeresp'>

State 24 <SV = 23> <Delay = 0.00>
ST_24 : Operation 112 [52/74] (2.33ns)   --->   "%empty_21 = readreq i1 @_ssdm_op_ReadReq.m_axi.p1i32, i64 %gmem_addr, i64 %zext_ln14" [mm2s.cpp:14]   --->   Operation 112 'readreq' 'empty_21' <Predicate = true> <Delay = 2.33> <CoreInst = "m_axi">   --->   Core 123 'm_axi' <Latency = 9> <II = 1> <Delay = 1.56> <Adapter> <Opcode : 'readrequnaligned' 'writerequnaligned' 'read' 'write' 'readreq' 'writereq' 'writeresp'>

State 25 <SV = 24> <Delay = 0.00>
ST_25 : Operation 113 [51/74] (2.33ns)   --->   "%empty_21 = readreq i1 @_ssdm_op_ReadReq.m_axi.p1i32, i64 %gmem_addr, i64 %zext_ln14" [mm2s.cpp:14]   --->   Operation 113 'readreq' 'empty_21' <Predicate = true> <Delay = 2.33> <CoreInst = "m_axi">   --->   Core 123 'm_axi' <Latency = 9> <II = 1> <Delay = 1.56> <Adapter> <Opcode : 'readrequnaligned' 'writerequnaligned' 'read' 'write' 'readreq' 'writereq' 'writeresp'>

State 26 <SV = 25> <Delay = 0.00>
ST_26 : Operation 114 [50/74] (2.33ns)   --->   "%empty_21 = readreq i1 @_ssdm_op_ReadReq.m_axi.p1i32, i64 %gmem_addr, i64 %zext_ln14" [mm2s.cpp:14]   --->   Operation 114 'readreq' 'empty_21' <Predicate = true> <Delay = 2.33> <CoreInst = "m_axi">   --->   Core 123 'm_axi' <Latency = 9> <II = 1> <Delay = 1.56> <Adapter> <Opcode : 'readrequnaligned' 'writerequnaligned' 'read' 'write' 'readreq' 'writereq' 'writeresp'>

State 27 <SV = 26> <Delay = 0.00>
ST_27 : Operation 115 [49/74] (2.33ns)   --->   "%empty_21 = readreq i1 @_ssdm_op_ReadReq.m_axi.p1i32, i64 %gmem_addr, i64 %zext_ln14" [mm2s.cpp:14]   --->   Operation 115 'readreq' 'empty_21' <Predicate = true> <Delay = 2.33> <CoreInst = "m_axi">   --->   Core 123 'm_axi' <Latency = 9> <II = 1> <Delay = 1.56> <Adapter> <Opcode : 'readrequnaligned' 'writerequnaligned' 'read' 'write' 'readreq' 'writereq' 'writeresp'>

State 28 <SV = 27> <Delay = 0.00>
ST_28 : Operation 116 [48/74] (2.33ns)   --->   "%empty_21 = readreq i1 @_ssdm_op_ReadReq.m_axi.p1i32, i64 %gmem_addr, i64 %zext_ln14" [mm2s.cpp:14]   --->   Operation 116 'readreq' 'empty_21' <Predicate = true> <Delay = 2.33> <CoreInst = "m_axi">   --->   Core 123 'm_axi' <Latency = 9> <II = 1> <Delay = 1.56> <Adapter> <Opcode : 'readrequnaligned' 'writerequnaligned' 'read' 'write' 'readreq' 'writereq' 'writeresp'>

State 29 <SV = 28> <Delay = 0.00>
ST_29 : Operation 117 [47/74] (2.33ns)   --->   "%empty_21 = readreq i1 @_ssdm_op_ReadReq.m_axi.p1i32, i64 %gmem_addr, i64 %zext_ln14" [mm2s.cpp:14]   --->   Operation 117 'readreq' 'empty_21' <Predicate = true> <Delay = 2.33> <CoreInst = "m_axi">   --->   Core 123 'm_axi' <Latency = 9> <II = 1> <Delay = 1.56> <Adapter> <Opcode : 'readrequnaligned' 'writerequnaligned' 'read' 'write' 'readreq' 'writereq' 'writeresp'>

State 30 <SV = 29> <Delay = 0.00>
ST_30 : Operation 118 [46/74] (2.33ns)   --->   "%empty_21 = readreq i1 @_ssdm_op_ReadReq.m_axi.p1i32, i64 %gmem_addr, i64 %zext_ln14" [mm2s.cpp:14]   --->   Operation 118 'readreq' 'empty_21' <Predicate = true> <Delay = 2.33> <CoreInst = "m_axi">   --->   Core 123 'm_axi' <Latency = 9> <II = 1> <Delay = 1.56> <Adapter> <Opcode : 'readrequnaligned' 'writerequnaligned' 'read' 'write' 'readreq' 'writereq' 'writeresp'>

State 31 <SV = 30> <Delay = 0.00>
ST_31 : Operation 119 [45/74] (2.33ns)   --->   "%empty_21 = readreq i1 @_ssdm_op_ReadReq.m_axi.p1i32, i64 %gmem_addr, i64 %zext_ln14" [mm2s.cpp:14]   --->   Operation 119 'readreq' 'empty_21' <Predicate = true> <Delay = 2.33> <CoreInst = "m_axi">   --->   Core 123 'm_axi' <Latency = 9> <II = 1> <Delay = 1.56> <Adapter> <Opcode : 'readrequnaligned' 'writerequnaligned' 'read' 'write' 'readreq' 'writereq' 'writeresp'>

State 32 <SV = 31> <Delay = 0.00>
ST_32 : Operation 120 [44/74] (2.33ns)   --->   "%empty_21 = readreq i1 @_ssdm_op_ReadReq.m_axi.p1i32, i64 %gmem_addr, i64 %zext_ln14" [mm2s.cpp:14]   --->   Operation 120 'readreq' 'empty_21' <Predicate = true> <Delay = 2.33> <CoreInst = "m_axi">   --->   Core 123 'm_axi' <Latency = 9> <II = 1> <Delay = 1.56> <Adapter> <Opcode : 'readrequnaligned' 'writerequnaligned' 'read' 'write' 'readreq' 'writereq' 'writeresp'>

State 33 <SV = 32> <Delay = 0.00>
ST_33 : Operation 121 [43/74] (2.33ns)   --->   "%empty_21 = readreq i1 @_ssdm_op_ReadReq.m_axi.p1i32, i64 %gmem_addr, i64 %zext_ln14" [mm2s.cpp:14]   --->   Operation 121 'readreq' 'empty_21' <Predicate = true> <Delay = 2.33> <CoreInst = "m_axi">   --->   Core 123 'm_axi' <Latency = 9> <II = 1> <Delay = 1.56> <Adapter> <Opcode : 'readrequnaligned' 'writerequnaligned' 'read' 'write' 'readreq' 'writereq' 'writeresp'>

State 34 <SV = 33> <Delay = 0.00>
ST_34 : Operation 122 [42/74] (2.33ns)   --->   "%empty_21 = readreq i1 @_ssdm_op_ReadReq.m_axi.p1i32, i64 %gmem_addr, i64 %zext_ln14" [mm2s.cpp:14]   --->   Operation 122 'readreq' 'empty_21' <Predicate = true> <Delay = 2.33> <CoreInst = "m_axi">   --->   Core 123 'm_axi' <Latency = 9> <II = 1> <Delay = 1.56> <Adapter> <Opcode : 'readrequnaligned' 'writerequnaligned' 'read' 'write' 'readreq' 'writereq' 'writeresp'>

State 35 <SV = 34> <Delay = 0.00>
ST_35 : Operation 123 [41/74] (2.33ns)   --->   "%empty_21 = readreq i1 @_ssdm_op_ReadReq.m_axi.p1i32, i64 %gmem_addr, i64 %zext_ln14" [mm2s.cpp:14]   --->   Operation 123 'readreq' 'empty_21' <Predicate = true> <Delay = 2.33> <CoreInst = "m_axi">   --->   Core 123 'm_axi' <Latency = 9> <II = 1> <Delay = 1.56> <Adapter> <Opcode : 'readrequnaligned' 'writerequnaligned' 'read' 'write' 'readreq' 'writereq' 'writeresp'>

State 36 <SV = 35> <Delay = 0.00>
ST_36 : Operation 124 [40/74] (2.33ns)   --->   "%empty_21 = readreq i1 @_ssdm_op_ReadReq.m_axi.p1i32, i64 %gmem_addr, i64 %zext_ln14" [mm2s.cpp:14]   --->   Operation 124 'readreq' 'empty_21' <Predicate = true> <Delay = 2.33> <CoreInst = "m_axi">   --->   Core 123 'm_axi' <Latency = 9> <II = 1> <Delay = 1.56> <Adapter> <Opcode : 'readrequnaligned' 'writerequnaligned' 'read' 'write' 'readreq' 'writereq' 'writeresp'>

State 37 <SV = 36> <Delay = 0.00>
ST_37 : Operation 125 [39/74] (2.33ns)   --->   "%empty_21 = readreq i1 @_ssdm_op_ReadReq.m_axi.p1i32, i64 %gmem_addr, i64 %zext_ln14" [mm2s.cpp:14]   --->   Operation 125 'readreq' 'empty_21' <Predicate = true> <Delay = 2.33> <CoreInst = "m_axi">   --->   Core 123 'm_axi' <Latency = 9> <II = 1> <Delay = 1.56> <Adapter> <Opcode : 'readrequnaligned' 'writerequnaligned' 'read' 'write' 'readreq' 'writereq' 'writeresp'>

State 38 <SV = 37> <Delay = 0.00>
ST_38 : Operation 126 [38/74] (2.33ns)   --->   "%empty_21 = readreq i1 @_ssdm_op_ReadReq.m_axi.p1i32, i64 %gmem_addr, i64 %zext_ln14" [mm2s.cpp:14]   --->   Operation 126 'readreq' 'empty_21' <Predicate = true> <Delay = 2.33> <CoreInst = "m_axi">   --->   Core 123 'm_axi' <Latency = 9> <II = 1> <Delay = 1.56> <Adapter> <Opcode : 'readrequnaligned' 'writerequnaligned' 'read' 'write' 'readreq' 'writereq' 'writeresp'>

State 39 <SV = 38> <Delay = 0.00>
ST_39 : Operation 127 [37/74] (2.33ns)   --->   "%empty_21 = readreq i1 @_ssdm_op_ReadReq.m_axi.p1i32, i64 %gmem_addr, i64 %zext_ln14" [mm2s.cpp:14]   --->   Operation 127 'readreq' 'empty_21' <Predicate = true> <Delay = 2.33> <CoreInst = "m_axi">   --->   Core 123 'm_axi' <Latency = 9> <II = 1> <Delay = 1.56> <Adapter> <Opcode : 'readrequnaligned' 'writerequnaligned' 'read' 'write' 'readreq' 'writereq' 'writeresp'>

State 40 <SV = 39> <Delay = 0.00>
ST_40 : Operation 128 [36/74] (2.33ns)   --->   "%empty_21 = readreq i1 @_ssdm_op_ReadReq.m_axi.p1i32, i64 %gmem_addr, i64 %zext_ln14" [mm2s.cpp:14]   --->   Operation 128 'readreq' 'empty_21' <Predicate = true> <Delay = 2.33> <CoreInst = "m_axi">   --->   Core 123 'm_axi' <Latency = 9> <II = 1> <Delay = 1.56> <Adapter> <Opcode : 'readrequnaligned' 'writerequnaligned' 'read' 'write' 'readreq' 'writereq' 'writeresp'>

State 41 <SV = 40> <Delay = 0.00>
ST_41 : Operation 129 [35/74] (2.33ns)   --->   "%empty_21 = readreq i1 @_ssdm_op_ReadReq.m_axi.p1i32, i64 %gmem_addr, i64 %zext_ln14" [mm2s.cpp:14]   --->   Operation 129 'readreq' 'empty_21' <Predicate = true> <Delay = 2.33> <CoreInst = "m_axi">   --->   Core 123 'm_axi' <Latency = 9> <II = 1> <Delay = 1.56> <Adapter> <Opcode : 'readrequnaligned' 'writerequnaligned' 'read' 'write' 'readreq' 'writereq' 'writeresp'>

State 42 <SV = 41> <Delay = 0.00>
ST_42 : Operation 130 [34/74] (2.33ns)   --->   "%empty_21 = readreq i1 @_ssdm_op_ReadReq.m_axi.p1i32, i64 %gmem_addr, i64 %zext_ln14" [mm2s.cpp:14]   --->   Operation 130 'readreq' 'empty_21' <Predicate = true> <Delay = 2.33> <CoreInst = "m_axi">   --->   Core 123 'm_axi' <Latency = 9> <II = 1> <Delay = 1.56> <Adapter> <Opcode : 'readrequnaligned' 'writerequnaligned' 'read' 'write' 'readreq' 'writereq' 'writeresp'>

State 43 <SV = 42> <Delay = 0.00>
ST_43 : Operation 131 [33/74] (2.33ns)   --->   "%empty_21 = readreq i1 @_ssdm_op_ReadReq.m_axi.p1i32, i64 %gmem_addr, i64 %zext_ln14" [mm2s.cpp:14]   --->   Operation 131 'readreq' 'empty_21' <Predicate = true> <Delay = 2.33> <CoreInst = "m_axi">   --->   Core 123 'm_axi' <Latency = 9> <II = 1> <Delay = 1.56> <Adapter> <Opcode : 'readrequnaligned' 'writerequnaligned' 'read' 'write' 'readreq' 'writereq' 'writeresp'>

State 44 <SV = 43> <Delay = 0.00>
ST_44 : Operation 132 [32/74] (2.33ns)   --->   "%empty_21 = readreq i1 @_ssdm_op_ReadReq.m_axi.p1i32, i64 %gmem_addr, i64 %zext_ln14" [mm2s.cpp:14]   --->   Operation 132 'readreq' 'empty_21' <Predicate = true> <Delay = 2.33> <CoreInst = "m_axi">   --->   Core 123 'm_axi' <Latency = 9> <II = 1> <Delay = 1.56> <Adapter> <Opcode : 'readrequnaligned' 'writerequnaligned' 'read' 'write' 'readreq' 'writereq' 'writeresp'>

State 45 <SV = 44> <Delay = 0.00>
ST_45 : Operation 133 [31/74] (2.33ns)   --->   "%empty_21 = readreq i1 @_ssdm_op_ReadReq.m_axi.p1i32, i64 %gmem_addr, i64 %zext_ln14" [mm2s.cpp:14]   --->   Operation 133 'readreq' 'empty_21' <Predicate = true> <Delay = 2.33> <CoreInst = "m_axi">   --->   Core 123 'm_axi' <Latency = 9> <II = 1> <Delay = 1.56> <Adapter> <Opcode : 'readrequnaligned' 'writerequnaligned' 'read' 'write' 'readreq' 'writereq' 'writeresp'>

State 46 <SV = 45> <Delay = 0.00>
ST_46 : Operation 134 [30/74] (2.33ns)   --->   "%empty_21 = readreq i1 @_ssdm_op_ReadReq.m_axi.p1i32, i64 %gmem_addr, i64 %zext_ln14" [mm2s.cpp:14]   --->   Operation 134 'readreq' 'empty_21' <Predicate = true> <Delay = 2.33> <CoreInst = "m_axi">   --->   Core 123 'm_axi' <Latency = 9> <II = 1> <Delay = 1.56> <Adapter> <Opcode : 'readrequnaligned' 'writerequnaligned' 'read' 'write' 'readreq' 'writereq' 'writeresp'>

State 47 <SV = 46> <Delay = 0.00>
ST_47 : Operation 135 [29/74] (2.33ns)   --->   "%empty_21 = readreq i1 @_ssdm_op_ReadReq.m_axi.p1i32, i64 %gmem_addr, i64 %zext_ln14" [mm2s.cpp:14]   --->   Operation 135 'readreq' 'empty_21' <Predicate = true> <Delay = 2.33> <CoreInst = "m_axi">   --->   Core 123 'm_axi' <Latency = 9> <II = 1> <Delay = 1.56> <Adapter> <Opcode : 'readrequnaligned' 'writerequnaligned' 'read' 'write' 'readreq' 'writereq' 'writeresp'>

State 48 <SV = 47> <Delay = 0.00>
ST_48 : Operation 136 [28/74] (2.33ns)   --->   "%empty_21 = readreq i1 @_ssdm_op_ReadReq.m_axi.p1i32, i64 %gmem_addr, i64 %zext_ln14" [mm2s.cpp:14]   --->   Operation 136 'readreq' 'empty_21' <Predicate = true> <Delay = 2.33> <CoreInst = "m_axi">   --->   Core 123 'm_axi' <Latency = 9> <II = 1> <Delay = 1.56> <Adapter> <Opcode : 'readrequnaligned' 'writerequnaligned' 'read' 'write' 'readreq' 'writereq' 'writeresp'>

State 49 <SV = 48> <Delay = 0.00>
ST_49 : Operation 137 [27/74] (2.33ns)   --->   "%empty_21 = readreq i1 @_ssdm_op_ReadReq.m_axi.p1i32, i64 %gmem_addr, i64 %zext_ln14" [mm2s.cpp:14]   --->   Operation 137 'readreq' 'empty_21' <Predicate = true> <Delay = 2.33> <CoreInst = "m_axi">   --->   Core 123 'm_axi' <Latency = 9> <II = 1> <Delay = 1.56> <Adapter> <Opcode : 'readrequnaligned' 'writerequnaligned' 'read' 'write' 'readreq' 'writereq' 'writeresp'>

State 50 <SV = 49> <Delay = 0.00>
ST_50 : Operation 138 [26/74] (2.33ns)   --->   "%empty_21 = readreq i1 @_ssdm_op_ReadReq.m_axi.p1i32, i64 %gmem_addr, i64 %zext_ln14" [mm2s.cpp:14]   --->   Operation 138 'readreq' 'empty_21' <Predicate = true> <Delay = 2.33> <CoreInst = "m_axi">   --->   Core 123 'm_axi' <Latency = 9> <II = 1> <Delay = 1.56> <Adapter> <Opcode : 'readrequnaligned' 'writerequnaligned' 'read' 'write' 'readreq' 'writereq' 'writeresp'>

State 51 <SV = 50> <Delay = 0.00>
ST_51 : Operation 139 [25/74] (2.33ns)   --->   "%empty_21 = readreq i1 @_ssdm_op_ReadReq.m_axi.p1i32, i64 %gmem_addr, i64 %zext_ln14" [mm2s.cpp:14]   --->   Operation 139 'readreq' 'empty_21' <Predicate = true> <Delay = 2.33> <CoreInst = "m_axi">   --->   Core 123 'm_axi' <Latency = 9> <II = 1> <Delay = 1.56> <Adapter> <Opcode : 'readrequnaligned' 'writerequnaligned' 'read' 'write' 'readreq' 'writereq' 'writeresp'>

State 52 <SV = 51> <Delay = 0.00>
ST_52 : Operation 140 [24/74] (2.33ns)   --->   "%empty_21 = readreq i1 @_ssdm_op_ReadReq.m_axi.p1i32, i64 %gmem_addr, i64 %zext_ln14" [mm2s.cpp:14]   --->   Operation 140 'readreq' 'empty_21' <Predicate = true> <Delay = 2.33> <CoreInst = "m_axi">   --->   Core 123 'm_axi' <Latency = 9> <II = 1> <Delay = 1.56> <Adapter> <Opcode : 'readrequnaligned' 'writerequnaligned' 'read' 'write' 'readreq' 'writereq' 'writeresp'>

State 53 <SV = 52> <Delay = 0.00>
ST_53 : Operation 141 [23/74] (2.33ns)   --->   "%empty_21 = readreq i1 @_ssdm_op_ReadReq.m_axi.p1i32, i64 %gmem_addr, i64 %zext_ln14" [mm2s.cpp:14]   --->   Operation 141 'readreq' 'empty_21' <Predicate = true> <Delay = 2.33> <CoreInst = "m_axi">   --->   Core 123 'm_axi' <Latency = 9> <II = 1> <Delay = 1.56> <Adapter> <Opcode : 'readrequnaligned' 'writerequnaligned' 'read' 'write' 'readreq' 'writereq' 'writeresp'>

State 54 <SV = 53> <Delay = 0.00>
ST_54 : Operation 142 [22/74] (2.33ns)   --->   "%empty_21 = readreq i1 @_ssdm_op_ReadReq.m_axi.p1i32, i64 %gmem_addr, i64 %zext_ln14" [mm2s.cpp:14]   --->   Operation 142 'readreq' 'empty_21' <Predicate = true> <Delay = 2.33> <CoreInst = "m_axi">   --->   Core 123 'm_axi' <Latency = 9> <II = 1> <Delay = 1.56> <Adapter> <Opcode : 'readrequnaligned' 'writerequnaligned' 'read' 'write' 'readreq' 'writereq' 'writeresp'>

State 55 <SV = 54> <Delay = 0.00>
ST_55 : Operation 143 [21/74] (2.33ns)   --->   "%empty_21 = readreq i1 @_ssdm_op_ReadReq.m_axi.p1i32, i64 %gmem_addr, i64 %zext_ln14" [mm2s.cpp:14]   --->   Operation 143 'readreq' 'empty_21' <Predicate = true> <Delay = 2.33> <CoreInst = "m_axi">   --->   Core 123 'm_axi' <Latency = 9> <II = 1> <Delay = 1.56> <Adapter> <Opcode : 'readrequnaligned' 'writerequnaligned' 'read' 'write' 'readreq' 'writereq' 'writeresp'>

State 56 <SV = 55> <Delay = 0.00>
ST_56 : Operation 144 [20/74] (2.33ns)   --->   "%empty_21 = readreq i1 @_ssdm_op_ReadReq.m_axi.p1i32, i64 %gmem_addr, i64 %zext_ln14" [mm2s.cpp:14]   --->   Operation 144 'readreq' 'empty_21' <Predicate = true> <Delay = 2.33> <CoreInst = "m_axi">   --->   Core 123 'm_axi' <Latency = 9> <II = 1> <Delay = 1.56> <Adapter> <Opcode : 'readrequnaligned' 'writerequnaligned' 'read' 'write' 'readreq' 'writereq' 'writeresp'>

State 57 <SV = 56> <Delay = 0.00>
ST_57 : Operation 145 [19/74] (2.33ns)   --->   "%empty_21 = readreq i1 @_ssdm_op_ReadReq.m_axi.p1i32, i64 %gmem_addr, i64 %zext_ln14" [mm2s.cpp:14]   --->   Operation 145 'readreq' 'empty_21' <Predicate = true> <Delay = 2.33> <CoreInst = "m_axi">   --->   Core 123 'm_axi' <Latency = 9> <II = 1> <Delay = 1.56> <Adapter> <Opcode : 'readrequnaligned' 'writerequnaligned' 'read' 'write' 'readreq' 'writereq' 'writeresp'>

State 58 <SV = 57> <Delay = 0.00>
ST_58 : Operation 146 [18/74] (2.33ns)   --->   "%empty_21 = readreq i1 @_ssdm_op_ReadReq.m_axi.p1i32, i64 %gmem_addr, i64 %zext_ln14" [mm2s.cpp:14]   --->   Operation 146 'readreq' 'empty_21' <Predicate = true> <Delay = 2.33> <CoreInst = "m_axi">   --->   Core 123 'm_axi' <Latency = 9> <II = 1> <Delay = 1.56> <Adapter> <Opcode : 'readrequnaligned' 'writerequnaligned' 'read' 'write' 'readreq' 'writereq' 'writeresp'>

State 59 <SV = 58> <Delay = 0.00>
ST_59 : Operation 147 [17/74] (2.33ns)   --->   "%empty_21 = readreq i1 @_ssdm_op_ReadReq.m_axi.p1i32, i64 %gmem_addr, i64 %zext_ln14" [mm2s.cpp:14]   --->   Operation 147 'readreq' 'empty_21' <Predicate = true> <Delay = 2.33> <CoreInst = "m_axi">   --->   Core 123 'm_axi' <Latency = 9> <II = 1> <Delay = 1.56> <Adapter> <Opcode : 'readrequnaligned' 'writerequnaligned' 'read' 'write' 'readreq' 'writereq' 'writeresp'>

State 60 <SV = 59> <Delay = 0.00>
ST_60 : Operation 148 [16/74] (2.33ns)   --->   "%empty_21 = readreq i1 @_ssdm_op_ReadReq.m_axi.p1i32, i64 %gmem_addr, i64 %zext_ln14" [mm2s.cpp:14]   --->   Operation 148 'readreq' 'empty_21' <Predicate = true> <Delay = 2.33> <CoreInst = "m_axi">   --->   Core 123 'm_axi' <Latency = 9> <II = 1> <Delay = 1.56> <Adapter> <Opcode : 'readrequnaligned' 'writerequnaligned' 'read' 'write' 'readreq' 'writereq' 'writeresp'>

State 61 <SV = 60> <Delay = 0.00>
ST_61 : Operation 149 [15/74] (2.33ns)   --->   "%empty_21 = readreq i1 @_ssdm_op_ReadReq.m_axi.p1i32, i64 %gmem_addr, i64 %zext_ln14" [mm2s.cpp:14]   --->   Operation 149 'readreq' 'empty_21' <Predicate = true> <Delay = 2.33> <CoreInst = "m_axi">   --->   Core 123 'm_axi' <Latency = 9> <II = 1> <Delay = 1.56> <Adapter> <Opcode : 'readrequnaligned' 'writerequnaligned' 'read' 'write' 'readreq' 'writereq' 'writeresp'>

State 62 <SV = 61> <Delay = 0.00>
ST_62 : Operation 150 [14/74] (2.33ns)   --->   "%empty_21 = readreq i1 @_ssdm_op_ReadReq.m_axi.p1i32, i64 %gmem_addr, i64 %zext_ln14" [mm2s.cpp:14]   --->   Operation 150 'readreq' 'empty_21' <Predicate = true> <Delay = 2.33> <CoreInst = "m_axi">   --->   Core 123 'm_axi' <Latency = 9> <II = 1> <Delay = 1.56> <Adapter> <Opcode : 'readrequnaligned' 'writerequnaligned' 'read' 'write' 'readreq' 'writereq' 'writeresp'>

State 63 <SV = 62> <Delay = 0.00>
ST_63 : Operation 151 [13/74] (2.33ns)   --->   "%empty_21 = readreq i1 @_ssdm_op_ReadReq.m_axi.p1i32, i64 %gmem_addr, i64 %zext_ln14" [mm2s.cpp:14]   --->   Operation 151 'readreq' 'empty_21' <Predicate = true> <Delay = 2.33> <CoreInst = "m_axi">   --->   Core 123 'm_axi' <Latency = 9> <II = 1> <Delay = 1.56> <Adapter> <Opcode : 'readrequnaligned' 'writerequnaligned' 'read' 'write' 'readreq' 'writereq' 'writeresp'>

State 64 <SV = 63> <Delay = 0.00>
ST_64 : Operation 152 [12/74] (2.33ns)   --->   "%empty_21 = readreq i1 @_ssdm_op_ReadReq.m_axi.p1i32, i64 %gmem_addr, i64 %zext_ln14" [mm2s.cpp:14]   --->   Operation 152 'readreq' 'empty_21' <Predicate = true> <Delay = 2.33> <CoreInst = "m_axi">   --->   Core 123 'm_axi' <Latency = 9> <II = 1> <Delay = 1.56> <Adapter> <Opcode : 'readrequnaligned' 'writerequnaligned' 'read' 'write' 'readreq' 'writereq' 'writeresp'>

State 65 <SV = 64> <Delay = 0.00>
ST_65 : Operation 153 [11/74] (2.33ns)   --->   "%empty_21 = readreq i1 @_ssdm_op_ReadReq.m_axi.p1i32, i64 %gmem_addr, i64 %zext_ln14" [mm2s.cpp:14]   --->   Operation 153 'readreq' 'empty_21' <Predicate = true> <Delay = 2.33> <CoreInst = "m_axi">   --->   Core 123 'm_axi' <Latency = 9> <II = 1> <Delay = 1.56> <Adapter> <Opcode : 'readrequnaligned' 'writerequnaligned' 'read' 'write' 'readreq' 'writereq' 'writeresp'>

State 66 <SV = 65> <Delay = 0.00>
ST_66 : Operation 154 [10/74] (2.33ns)   --->   "%empty_21 = readreq i1 @_ssdm_op_ReadReq.m_axi.p1i32, i64 %gmem_addr, i64 %zext_ln14" [mm2s.cpp:14]   --->   Operation 154 'readreq' 'empty_21' <Predicate = true> <Delay = 2.33> <CoreInst = "m_axi">   --->   Core 123 'm_axi' <Latency = 9> <II = 1> <Delay = 1.56> <Adapter> <Opcode : 'readrequnaligned' 'writerequnaligned' 'read' 'write' 'readreq' 'writereq' 'writeresp'>

State 67 <SV = 66> <Delay = 0.00>
ST_67 : Operation 155 [9/74] (2.33ns)   --->   "%empty_21 = readreq i1 @_ssdm_op_ReadReq.m_axi.p1i32, i64 %gmem_addr, i64 %zext_ln14" [mm2s.cpp:14]   --->   Operation 155 'readreq' 'empty_21' <Predicate = true> <Delay = 2.33> <CoreInst = "m_axi">   --->   Core 123 'm_axi' <Latency = 9> <II = 1> <Delay = 1.56> <Adapter> <Opcode : 'readrequnaligned' 'writerequnaligned' 'read' 'write' 'readreq' 'writereq' 'writeresp'>

State 68 <SV = 67> <Delay = 0.00>
ST_68 : Operation 156 [8/74] (2.33ns)   --->   "%empty_21 = readreq i1 @_ssdm_op_ReadReq.m_axi.p1i32, i64 %gmem_addr, i64 %zext_ln14" [mm2s.cpp:14]   --->   Operation 156 'readreq' 'empty_21' <Predicate = true> <Delay = 2.33> <CoreInst = "m_axi">   --->   Core 123 'm_axi' <Latency = 9> <II = 1> <Delay = 1.56> <Adapter> <Opcode : 'readrequnaligned' 'writerequnaligned' 'read' 'write' 'readreq' 'writereq' 'writeresp'>

State 69 <SV = 68> <Delay = 0.00>
ST_69 : Operation 157 [7/74] (2.33ns)   --->   "%empty_21 = readreq i1 @_ssdm_op_ReadReq.m_axi.p1i32, i64 %gmem_addr, i64 %zext_ln14" [mm2s.cpp:14]   --->   Operation 157 'readreq' 'empty_21' <Predicate = true> <Delay = 2.33> <CoreInst = "m_axi">   --->   Core 123 'm_axi' <Latency = 9> <II = 1> <Delay = 1.56> <Adapter> <Opcode : 'readrequnaligned' 'writerequnaligned' 'read' 'write' 'readreq' 'writereq' 'writeresp'>

State 70 <SV = 69> <Delay = 0.00>
ST_70 : Operation 158 [6/74] (2.33ns)   --->   "%empty_21 = readreq i1 @_ssdm_op_ReadReq.m_axi.p1i32, i64 %gmem_addr, i64 %zext_ln14" [mm2s.cpp:14]   --->   Operation 158 'readreq' 'empty_21' <Predicate = true> <Delay = 2.33> <CoreInst = "m_axi">   --->   Core 123 'm_axi' <Latency = 9> <II = 1> <Delay = 1.56> <Adapter> <Opcode : 'readrequnaligned' 'writerequnaligned' 'read' 'write' 'readreq' 'writereq' 'writeresp'>

State 71 <SV = 70> <Delay = 0.00>
ST_71 : Operation 159 [5/74] (2.33ns)   --->   "%empty_21 = readreq i1 @_ssdm_op_ReadReq.m_axi.p1i32, i64 %gmem_addr, i64 %zext_ln14" [mm2s.cpp:14]   --->   Operation 159 'readreq' 'empty_21' <Predicate = true> <Delay = 2.33> <CoreInst = "m_axi">   --->   Core 123 'm_axi' <Latency = 9> <II = 1> <Delay = 1.56> <Adapter> <Opcode : 'readrequnaligned' 'writerequnaligned' 'read' 'write' 'readreq' 'writereq' 'writeresp'>

State 72 <SV = 71> <Delay = 0.00>
ST_72 : Operation 160 [4/74] (2.33ns)   --->   "%empty_21 = readreq i1 @_ssdm_op_ReadReq.m_axi.p1i32, i64 %gmem_addr, i64 %zext_ln14" [mm2s.cpp:14]   --->   Operation 160 'readreq' 'empty_21' <Predicate = true> <Delay = 2.33> <CoreInst = "m_axi">   --->   Core 123 'm_axi' <Latency = 9> <II = 1> <Delay = 1.56> <Adapter> <Opcode : 'readrequnaligned' 'writerequnaligned' 'read' 'write' 'readreq' 'writereq' 'writeresp'>

State 73 <SV = 72> <Delay = 0.00>
ST_73 : Operation 161 [3/74] (2.33ns)   --->   "%empty_21 = readreq i1 @_ssdm_op_ReadReq.m_axi.p1i32, i64 %gmem_addr, i64 %zext_ln14" [mm2s.cpp:14]   --->   Operation 161 'readreq' 'empty_21' <Predicate = true> <Delay = 2.33> <CoreInst = "m_axi">   --->   Core 123 'm_axi' <Latency = 9> <II = 1> <Delay = 1.56> <Adapter> <Opcode : 'readrequnaligned' 'writerequnaligned' 'read' 'write' 'readreq' 'writereq' 'writeresp'>

State 74 <SV = 73> <Delay = 0.00>
ST_74 : Operation 162 [2/74] (2.33ns)   --->   "%empty_21 = readreq i1 @_ssdm_op_ReadReq.m_axi.p1i32, i64 %gmem_addr, i64 %zext_ln14" [mm2s.cpp:14]   --->   Operation 162 'readreq' 'empty_21' <Predicate = true> <Delay = 2.33> <CoreInst = "m_axi">   --->   Core 123 'm_axi' <Latency = 9> <II = 1> <Delay = 1.56> <Adapter> <Opcode : 'readrequnaligned' 'writerequnaligned' 'read' 'write' 'readreq' 'writereq' 'writeresp'>

State 75 <SV = 74> <Delay = 1.11>
ST_75 : Operation 163 [1/74] ( I:1.11ns O:1.11ns )   --->   "%empty_21 = readreq i1 @_ssdm_op_ReadReq.m_axi.p1i32, i64 %gmem_addr, i64 %zext_ln14" [mm2s.cpp:14]   --->   Operation 163 'readreq' 'empty_21' <Predicate = true> <Delay = 1.11> <CoreInst = "m_axi">   --->   Core 123 'm_axi' <Latency = 9> <II = 1> <Delay = 1.56> <Adapter> <Opcode : 'readrequnaligned' 'writerequnaligned' 'read' 'write' 'readreq' 'writereq' 'writeresp'>

State 76 <SV = 75> <Delay = 1.94>
ST_76 : Operation 164 [1/1] (0.85ns)   --->   "%add_ln20 = add i32 %size_read, i32 4294967295" [mm2s.cpp:20]   --->   Operation 164 'add' 'add_ln20' <Predicate = true> <Delay = 0.85> <CoreInst = "Adder">   --->   Core 1 'Adder' <Latency = 0> <II = 1> <Delay = 0.85> <FuncUnit> <Opcode : 'add' 'sub'> <InPorts = 2> <OutPorts = 1>
ST_76 : Operation 165 [2/2] (1.09ns)   --->   "%call_ln7 = call void @mm2s_Pipeline_VITIS_LOOP_14_1, i32 %gmem, i32 %size_read, i62 %trunc_ln, i32 %add_ln20, i32 %s_V_data_V, i4 %s_V_keep_V, i4 %s_V_strb_V, i1 %s_V_last_V" [mm2s.cpp:7]   --->   Operation 165 'call' 'call_ln7' <Predicate = true> <Delay = 1.09> <CoreType = "Generic">   --->   Generic Core

State 77 <SV = 76> <Delay = 1.50>
ST_77 : Operation 166 [1/2] (1.50ns)   --->   "%call_ln7 = call void @mm2s_Pipeline_VITIS_LOOP_14_1, i32 %gmem, i32 %size_read, i62 %trunc_ln, i32 %add_ln20, i32 %s_V_data_V, i4 %s_V_keep_V, i4 %s_V_strb_V, i1 %s_V_last_V" [mm2s.cpp:7]   --->   Operation 166 'call' 'call_ln7' <Predicate = true> <Delay = 1.50> <CoreType = "Generic">   --->   Generic Core

State 78 <SV = 77> <Delay = 0.00>
ST_78 : Operation 167 [1/1] (0.00ns)   --->   "%spectopmodule_ln7 = spectopmodule void @_ssdm_op_SpecTopModule, void @empty_9" [mm2s.cpp:7]   --->   Operation 167 'spectopmodule' 'spectopmodule_ln7' <Predicate = true> <Delay = 0.00>
ST_78 : Operation 168 [1/1] (0.00ns)   --->   "%specinterface_ln7 = specinterface void @_ssdm_op_SpecInterface, i32 0, void @empty_0, i32 0, i32 0, void @empty_3, i32 0, i32 0, void @empty_3, void @empty_3, void @empty_3, i32 0, i32 0, i32 0, i32 0, void @empty_3, void @empty_3, i32 4294967295, i32 0, i32 0, i32 0" [mm2s.cpp:7]   --->   Operation 168 'specinterface' 'specinterface_ln7' <Predicate = true> <Delay = 0.00>
ST_78 : Operation 169 [1/1] (0.00ns)   --->   "%specinterface_ln0 = specinterface void @_ssdm_op_SpecInterface, i32 %gmem, void @empty_2, i32 0, i32 0, void @empty_3, i32 64, i32 0, void @empty_4, void @empty_5, void @empty_3, i32 16, i32 16, i32 16, i32 16, void @empty_3, void @empty_3, i32 4294967295, i32 0, i32 0, i32 4"   --->   Operation 169 'specinterface' 'specinterface_ln0' <Predicate = true> <Delay = 0.00>
ST_78 : Operation 170 [1/1] (0.00ns)   --->   "%specbitsmap_ln0 = specbitsmap void @_ssdm_op_SpecBitsMap, i32 %gmem"   --->   Operation 170 'specbitsmap' 'specbitsmap_ln0' <Predicate = true> <Delay = 0.00>
ST_78 : Operation 171 [1/1] (0.00ns)   --->   "%specinterface_ln0 = specinterface void @_ssdm_op_SpecInterface, i64 %mem, void @empty_6, i32 4294967295, i32 4294967295, void @empty_3, i32 0, i32 0, void @empty, void @empty_1, void @empty_3, i32 0, i32 0, i32 0, i32 0, void @empty_3, void @empty_8, i32 4294967295, i32 0, i32 0, i32 0"   --->   Operation 171 'specinterface' 'specinterface_ln0' <Predicate = true> <Delay = 0.00>
ST_78 : Operation 172 [1/1] (0.00ns)   --->   "%specinterface_ln0 = specinterface void @_ssdm_op_SpecInterface, i64 %mem, void @empty_11, i32 0, i32 0, void @empty_3, i32 0, i32 0, void @empty_3, void @empty_3, void @empty_3, i32 0, i32 0, i32 0, i32 0, void @empty_3, void @empty_8, i32 4294967295, i32 0, i32 0, i32 0"   --->   Operation 172 'specinterface' 'specinterface_ln0' <Predicate = true> <Delay = 0.00>
ST_78 : Operation 173 [1/1] (0.00ns)   --->   "%specinterface_ln0 = specinterface void @_ssdm_op_SpecInterface, i32 %s_V_data_V, i4 %s_V_keep_V, i4 %s_V_strb_V, i1 %s_V_last_V, void @empty_12, i32 1, i32 1, void @empty_13, i32 0, i32 0, void @empty_3, void @empty_3, void @empty_3, i32 0, i32 0, i32 0, i32 0, void @empty_3, void @empty_3, i32 4294967295, i32 0, i32 0, i32 0"   --->   Operation 173 'specinterface' 'specinterface_ln0' <Predicate = true> <Delay = 0.00>
ST_78 : Operation 174 [1/1] (0.00ns)   --->   "%specbitsmap_ln0 = specbitsmap void @_ssdm_op_SpecBitsMap, i32 %s_V_data_V"   --->   Operation 174 'specbitsmap' 'specbitsmap_ln0' <Predicate = true> <Delay = 0.00>
ST_78 : Operation 175 [1/1] (0.00ns)   --->   "%specbitsmap_ln0 = specbitsmap void @_ssdm_op_SpecBitsMap, i4 %s_V_keep_V"   --->   Operation 175 'specbitsmap' 'specbitsmap_ln0' <Predicate = true> <Delay = 0.00>
ST_78 : Operation 176 [1/1] (0.00ns)   --->   "%specbitsmap_ln0 = specbitsmap void @_ssdm_op_SpecBitsMap, i4 %s_V_strb_V"   --->   Operation 176 'specbitsmap' 'specbitsmap_ln0' <Predicate = true> <Delay = 0.00>
ST_78 : Operation 177 [1/1] (0.00ns)   --->   "%specbitsmap_ln0 = specbitsmap void @_ssdm_op_SpecBitsMap, i1 %s_V_last_V"   --->   Operation 177 'specbitsmap' 'specbitsmap_ln0' <Predicate = true> <Delay = 0.00>
ST_78 : Operation 178 [1/1] (0.00ns)   --->   "%specbitsmap_ln0 = specbitsmap void @_ssdm_op_SpecBitsMap, i32 %size"   --->   Operation 178 'specbitsmap' 'specbitsmap_ln0' <Predicate = true> <Delay = 0.00>
ST_78 : Operation 179 [1/1] (0.00ns)   --->   "%specinterface_ln0 = specinterface void @_ssdm_op_SpecInterface, i32 %size, void @empty_6, i32 4294967295, i32 4294967295, void @empty_3, i32 0, i32 0, void @empty, void @empty_14, void @empty_3, i32 0, i32 0, i32 0, i32 0, void @empty_3, void @empty_3, i32 4294967295, i32 0, i32 0, i32 0"   --->   Operation 179 'specinterface' 'specinterface_ln0' <Predicate = true> <Delay = 0.00>
ST_78 : Operation 180 [1/1] (0.00ns)   --->   "%specinterface_ln0 = specinterface void @_ssdm_op_SpecInterface, i32 %size, void @empty_15, i32 0, i32 0, void @empty_3, i32 0, i32 0, void @empty_3, void @empty_3, void @empty_3, i32 0, i32 0, i32 0, i32 0, void @empty_3, void @empty_3, i32 4294967295, i32 0, i32 0, i32 0"   --->   Operation 180 'specinterface' 'specinterface_ln0' <Predicate = true> <Delay = 0.00>
ST_78 : Operation 181 [1/1] (0.00ns)   --->   "%specinterface_ln0 = specinterface void @_ssdm_op_SpecInterface, i32 0, void @empty_6, i32 0, i32 0, void @empty_3, i32 0, i32 0, void @empty, void @empty_3, void @empty_3, i32 0, i32 0, i32 0, i32 0, void @empty_3, void @empty_3, i32 0, i32 0, i32 0, i32 0"   --->   Operation 181 'specinterface' 'specinterface_ln0' <Predicate = true> <Delay = 0.00>
ST_78 : Operation 182 [1/1] (0.00ns)   --->   "%specaxissidechannel_ln14 = specaxissidechannel void @_ssdm_op_SpecAXISSideChannel, i32 %s_V_data_V, i4 %s_V_keep_V, i4 %s_V_strb_V, i1 0, i1 %s_V_last_V, i1 0, i1 0, void @empty_7" [mm2s.cpp:14]   --->   Operation 182 'specaxissidechannel' 'specaxissidechannel_ln14' <Predicate = true> <Delay = 0.00>
ST_78 : Operation 183 [1/1] (0.00ns)   --->   "%ret_ln23 = ret" [mm2s.cpp:23]   --->   Operation 183 'ret' 'ret_ln23' <Predicate = true> <Delay = 0.00>


============================================================
+ Verbose Summary: Binding
============================================================
STG Binding: 
---------------- STG Properties BEGIN ----------------
- Is combinational: 0
- Is one-state seq: 0
- Is datapath-only: 0
- Is pipelined: 0
- Is top level: 1
Port [ Return ] is wired: 1; IO mode=ap_ctrl_chain:ce=0
Port [ gmem]:  wired=1; compound=1; hidden=0; nouse=0; global=0; static=0; extern=0; dir=0; type=4; pingpong=0; private_global=0; IO mode=m_axi:ce=0
Port [ mem]:  wired=1; compound=0; hidden=0; nouse=0; global=0; static=0; extern=0; dir=0; type=0; pingpong=0; private_global=0; IO mode=ap_none:ce=0
Port [ s_V_data_V]:  wired=1; compound=1; hidden=0; nouse=0; global=0; static=0; extern=0; dir=1; type=0; pingpong=0; private_global=0; IO mode=axis:ce=0
Port [ s_V_keep_V]:  wired=1; compound=1; hidden=0; nouse=0; global=0; static=0; extern=0; dir=1; type=0; pingpong=0; private_global=0; IO mode=axis:ce=0
Port [ s_V_strb_V]:  wired=1; compound=1; hidden=0; nouse=0; global=0; static=0; extern=0; dir=1; type=0; pingpong=0; private_global=0; IO mode=axis:ce=0
Port [ s_V_last_V]:  wired=1; compound=1; hidden=0; nouse=0; global=0; static=0; extern=0; dir=1; type=0; pingpong=0; private_global=0; IO mode=axis:ce=0
Port [ size]:  wired=1; compound=0; hidden=0; nouse=0; global=0; static=0; extern=0; dir=0; type=0; pingpong=0; private_global=0; IO mode=ap_none:ce=0
---------------- STG Properties END ------------------

---------------- Datapath Model BEGIN ----------------

<LifeTime>
<method=bitvector/>
size_read                     (read               ) [ 0011111111111111111111111111111111111111111111111111111111111111111111111111110]
trunc_ln14                    (trunc              ) [ 0010000000000000000000000000000000000000000000000000000000000000000000000000000]
mem_read                      (read               ) [ 0000000000000000000000000000000000000000000000000000000000000000000000000000000]
icmp_ln14                     (icmp               ) [ 0000000000000000000000000000000000000000000000000000000000000000000000000000000]
trunc_ln                      (partselect         ) [ 0001111111111111111111111111111111111111111111111111111111111111111111111111110]
sext_ln14                     (sext               ) [ 0000000000000000000000000000000000000000000000000000000000000000000000000000000]
gmem_addr                     (getelementptr      ) [ 0001111111111111111111111111111111111111111111111111111111111111111111111111000]
empty                         (select             ) [ 0000000000000000000000000000000000000000000000000000000000000000000000000000000]
zext_ln14                     (zext               ) [ 0001111111111111111111111111111111111111111111111111111111111111111111111111000]
muxLogicAXIMAddr_to_empty_21  (muxlogic           ) [ 0000000000000000000000000000000000000000000000000000000000000000000000000000000]
muxLogicAXIMBurst_to_empty_21 (muxlogic           ) [ 0000000000000000000000000000000000000000000000000000000000000000000000000000000]
empty_21                      (readreq            ) [ 0000000000000000000000000000000000000000000000000000000000000000000000000000000]
add_ln20                      (add                ) [ 0000000000000000000000000000000000000000000000000000000000000000000000000000010]
call_ln7                      (call               ) [ 0000000000000000000000000000000000000000000000000000000000000000000000000000000]
spectopmodule_ln7             (spectopmodule      ) [ 0000000000000000000000000000000000000000000000000000000000000000000000000000000]
specinterface_ln7             (specinterface      ) [ 0000000000000000000000000000000000000000000000000000000000000000000000000000000]
specinterface_ln0             (specinterface      ) [ 0000000000000000000000000000000000000000000000000000000000000000000000000000000]
specbitsmap_ln0               (specbitsmap        ) [ 0000000000000000000000000000000000000000000000000000000000000000000000000000000]
specinterface_ln0             (specinterface      ) [ 0000000000000000000000000000000000000000000000000000000000000000000000000000000]
specinterface_ln0             (specinterface      ) [ 0000000000000000000000000000000000000000000000000000000000000000000000000000000]
specinterface_ln0             (specinterface      ) [ 0000000000000000000000000000000000000000000000000000000000000000000000000000000]
specbitsmap_ln0               (specbitsmap        ) [ 0000000000000000000000000000000000000000000000000000000000000000000000000000000]
specbitsmap_ln0               (specbitsmap        ) [ 0000000000000000000000000000000000000000000000000000000000000000000000000000000]
specbitsmap_ln0               (specbitsmap        ) [ 0000000000000000000000000000000000000000000000000000000000000000000000000000000]
specbitsmap_ln0               (specbitsmap        ) [ 0000000000000000000000000000000000000000000000000000000000000000000000000000000]
specbitsmap_ln0               (specbitsmap        ) [ 0000000000000000000000000000000000000000000000000000000000000000000000000000000]
specinterface_ln0             (specinterface      ) [ 0000000000000000000000000000000000000000000000000000000000000000000000000000000]
specinterface_ln0             (specinterface      ) [ 0000000000000000000000000000000000000000000000000000000000000000000000000000000]
specinterface_ln0             (specinterface      ) [ 0000000000000000000000000000000000000000000000000000000000000000000000000000000]
specaxissidechannel_ln14      (specaxissidechannel) [ 0000000000000000000000000000000000000000000000000000000000000000000000000000000]
ret_ln23                      (ret                ) [ 0000000000000000000000000000000000000000000000000000000000000000000000000000000]
</LifeTime>

<model>

<comp_list>
<comp id="0" class="1000" name="gmem">
<pin_list>
<pin id="1" dir="1" index="0" bw="1" slack="0"/>
</pin_list>
<bind>
<StgValue><ssdm name="gmem"/><MemPortTyVec>0 </MemPortTyVec>
</StgValue>
</bind>
</comp>

<comp id="2" class="1000" name="mem">
<pin_list>
<pin id="3" dir="1" index="0" bw="1" slack="0"/>
</pin_list>
<bind>
<StgValue><ssdm name="mem"/></StgValue>
</bind>
</comp>

<comp id="4" class="1000" name="s_V_data_V">
<pin_list>
<pin id="5" dir="1" index="0" bw="1" slack="0"/>
</pin_list>
<bind>
<StgValue><ssdm name="s_V_data_V"/></StgValue>
</bind>
</comp>

<comp id="6" class="1000" name="s_V_keep_V">
<pin_list>
<pin id="7" dir="1" index="0" bw="1" slack="0"/>
</pin_list>
<bind>
<StgValue><ssdm name="s_V_keep_V"/></StgValue>
</bind>
</comp>

<comp id="8" class="1000" name="s_V_strb_V">
<pin_list>
<pin id="9" dir="1" index="0" bw="1" slack="0"/>
</pin_list>
<bind>
<StgValue><ssdm name="s_V_strb_V"/></StgValue>
</bind>
</comp>

<comp id="10" class="1000" name="s_V_last_V">
<pin_list>
<pin id="11" dir="1" index="0" bw="1" slack="0"/>
</pin_list>
<bind>
<StgValue><ssdm name="s_V_last_V"/></StgValue>
</bind>
</comp>

<comp id="12" class="1000" name="size">
<pin_list>
<pin id="13" dir="1" index="0" bw="1" slack="0"/>
</pin_list>
<bind>
<StgValue><ssdm name="size"/></StgValue>
</bind>
</comp>

<comp id="14" class="1001" name="const_14">
<pin_list>
<pin id="15" dir="1" index="0" bw="1" slack="0"/>
</pin_list>
<bind>
<StgValue><ssdm name="_ssdm_op_Read.ap_none.i32"/></StgValue>
</bind>
</comp>

<comp id="16" class="1001" name="const_16">
<pin_list>
<pin id="17" dir="1" index="0" bw="1" slack="0"/>
</pin_list>
<bind>
<StgValue><ssdm name="_ssdm_op_Read.s_axilite.i64"/></StgValue>
</bind>
</comp>

<comp id="18" class="1001" name="const_18">
<pin_list>
<pin id="19" dir="1" index="0" bw="1" slack="0"/>
</pin_list>
<bind>
<StgValue><ssdm name=""/></StgValue>
</bind>
</comp>

<comp id="20" class="1001" name="const_20">
<pin_list>
<pin id="21" dir="1" index="0" bw="1" slack="0"/>
</pin_list>
<bind>
<StgValue><ssdm name="_ssdm_op_PartSelect.i62.i64.i32.i32"/></StgValue>
</bind>
</comp>

<comp id="22" class="1001" name="const_22">
<pin_list>
<pin id="23" dir="1" index="0" bw="1" slack="0"/>
</pin_list>
<bind>
<StgValue><ssdm name=""/></StgValue>
</bind>
</comp>

<comp id="24" class="1001" name="const_24">
<pin_list>
<pin id="25" dir="1" index="0" bw="1" slack="0"/>
</pin_list>
<bind>
<StgValue><ssdm name=""/></StgValue>
</bind>
</comp>

<comp id="26" class="1001" name="const_26">
<pin_list>
<pin id="27" dir="1" index="0" bw="1" slack="0"/>
</pin_list>
<bind>
<StgValue><ssdm name=""/></StgValue>
</bind>
</comp>

<comp id="28" class="1001" name="const_28">
<pin_list>
<pin id="29" dir="1" index="0" bw="1" slack="0"/>
</pin_list>
<bind>
<StgValue><ssdm name="_ssdm_op_ReadReq.m_axi.p1i32"/></StgValue>
</bind>
</comp>

<comp id="30" class="1001" name="const_30">
<pin_list>
<pin id="31" dir="1" index="0" bw="1" slack="0"/>
</pin_list>
<bind>
<StgValue><ssdm name=""/></StgValue>
</bind>
</comp>

<comp id="32" class="1001" name="const_32">
<pin_list>
<pin id="33" dir="1" index="0" bw="1" slack="0"/>
</pin_list>
<bind>
<StgValue><ssdm name="mm2s_Pipeline_VITIS_LOOP_14_1"/></StgValue>
</bind>
</comp>

<comp id="34" class="1001" name="const_34">
<pin_list>
<pin id="35" dir="1" index="0" bw="1" slack="2147483647"/>
</pin_list>
<bind>
<StgValue><ssdm name="_ssdm_op_SpecTopModule"/></StgValue>
</bind>
</comp>

<comp id="36" class="1001" name="const_36">
<pin_list>
<pin id="37" dir="1" index="0" bw="1" slack="2147483647"/>
</pin_list>
<bind>
<StgValue><ssdm name="empty_9"/></StgValue>
</bind>
</comp>

<comp id="38" class="1001" name="const_38">
<pin_list>
<pin id="39" dir="1" index="0" bw="1" slack="2147483647"/>
</pin_list>
<bind>
<StgValue><ssdm name="_ssdm_op_SpecInterface"/></StgValue>
</bind>
</comp>

<comp id="40" class="1001" name="const_40">
<pin_list>
<pin id="41" dir="1" index="0" bw="1" slack="2147483647"/>
</pin_list>
<bind>
<StgValue><ssdm name="empty_0"/></StgValue>
</bind>
</comp>

<comp id="42" class="1001" name="const_42">
<pin_list>
<pin id="43" dir="1" index="0" bw="1" slack="2147483647"/>
</pin_list>
<bind>
<StgValue><ssdm name="empty_3"/></StgValue>
</bind>
</comp>

<comp id="44" class="1001" name="const_44">
<pin_list>
<pin id="45" dir="1" index="0" bw="1" slack="2147483647"/>
</pin_list>
<bind>
<StgValue><ssdm name="empty_2"/></StgValue>
</bind>
</comp>

<comp id="46" class="1001" name="const_46">
<pin_list>
<pin id="47" dir="1" index="0" bw="1" slack="2147483647"/>
</pin_list>
<bind>
<StgValue><ssdm name=""/></StgValue>
</bind>
</comp>

<comp id="48" class="1001" name="const_48">
<pin_list>
<pin id="49" dir="1" index="0" bw="1" slack="2147483647"/>
</pin_list>
<bind>
<StgValue><ssdm name="empty_4"/></StgValue>
</bind>
</comp>

<comp id="50" class="1001" name="const_50">
<pin_list>
<pin id="51" dir="1" index="0" bw="1" slack="2147483647"/>
</pin_list>
<bind>
<StgValue><ssdm name="empty_5"/></StgValue>
</bind>
</comp>

<comp id="52" class="1001" name="const_52">
<pin_list>
<pin id="53" dir="1" index="0" bw="1" slack="2147483647"/>
</pin_list>
<bind>
<StgValue><ssdm name=""/></StgValue>
</bind>
</comp>

<comp id="54" class="1001" name="const_54">
<pin_list>
<pin id="55" dir="1" index="0" bw="1" slack="2147483647"/>
</pin_list>
<bind>
<StgValue><ssdm name=""/></StgValue>
</bind>
</comp>

<comp id="56" class="1001" name="const_56">
<pin_list>
<pin id="57" dir="1" index="0" bw="1" slack="2147483647"/>
</pin_list>
<bind>
<StgValue><ssdm name="_ssdm_op_SpecBitsMap"/></StgValue>
</bind>
</comp>

<comp id="58" class="1001" name="const_58">
<pin_list>
<pin id="59" dir="1" index="0" bw="1" slack="2147483647"/>
</pin_list>
<bind>
<StgValue><ssdm name="empty_6"/></StgValue>
</bind>
</comp>

<comp id="60" class="1001" name="const_60">
<pin_list>
<pin id="61" dir="1" index="0" bw="1" slack="2147483647"/>
</pin_list>
<bind>
<StgValue><ssdm name="empty"/></StgValue>
</bind>
</comp>

<comp id="62" class="1001" name="const_62">
<pin_list>
<pin id="63" dir="1" index="0" bw="1" slack="2147483647"/>
</pin_list>
<bind>
<StgValue><ssdm name="empty_1"/></StgValue>
</bind>
</comp>

<comp id="64" class="1001" name="const_64">
<pin_list>
<pin id="65" dir="1" index="0" bw="1" slack="2147483647"/>
</pin_list>
<bind>
<StgValue><ssdm name="empty_8"/></StgValue>
</bind>
</comp>

<comp id="66" class="1001" name="const_66">
<pin_list>
<pin id="67" dir="1" index="0" bw="1" slack="2147483647"/>
</pin_list>
<bind>
<StgValue><ssdm name="empty_11"/></StgValue>
</bind>
</comp>

<comp id="68" class="1001" name="const_68">
<pin_list>
<pin id="69" dir="1" index="0" bw="1" slack="2147483647"/>
</pin_list>
<bind>
<StgValue><ssdm name="empty_12"/></StgValue>
</bind>
</comp>

<comp id="70" class="1001" name="const_70">
<pin_list>
<pin id="71" dir="1" index="0" bw="1" slack="2147483647"/>
</pin_list>
<bind>
<StgValue><ssdm name=""/></StgValue>
</bind>
</comp>

<comp id="72" class="1001" name="const_72">
<pin_list>
<pin id="73" dir="1" index="0" bw="1" slack="2147483647"/>
</pin_list>
<bind>
<StgValue><ssdm name="empty_13"/></StgValue>
</bind>
</comp>

<comp id="74" class="1001" name="const_74">
<pin_list>
<pin id="75" dir="1" index="0" bw="1" slack="2147483647"/>
</pin_list>
<bind>
<StgValue><ssdm name="empty_14"/></StgValue>
</bind>
</comp>

<comp id="76" class="1001" name="const_76">
<pin_list>
<pin id="77" dir="1" index="0" bw="1" slack="2147483647"/>
</pin_list>
<bind>
<StgValue><ssdm name="empty_15"/></StgValue>
</bind>
</comp>

<comp id="78" class="1001" name="const_78">
<pin_list>
<pin id="79" dir="1" index="0" bw="1" slack="2147483647"/>
</pin_list>
<bind>
<StgValue><ssdm name="_ssdm_op_SpecAXISSideChannel"/></StgValue>
</bind>
</comp>

<comp id="80" class="1001" name="const_80">
<pin_list>
<pin id="81" dir="1" index="0" bw="1" slack="2147483647"/>
</pin_list>
<bind>
<StgValue><ssdm name=""/></StgValue>
</bind>
</comp>

<comp id="82" class="1001" name="const_82">
<pin_list>
<pin id="83" dir="1" index="0" bw="1" slack="2147483647"/>
</pin_list>
<bind>
<StgValue><ssdm name="empty_7"/></StgValue>
</bind>
</comp>

<comp id="84" class="1004" name="size_read_read_fu_84">
<pin_list>
<pin id="85" dir="0" index="0" bw="32" slack="0"/>
<pin id="86" dir="0" index="1" bw="32" slack="0"/>
<pin id="87" dir="1" index="2" bw="32" slack="0"/>
</pin_list>
<bind>
<opcode="read(1150) " fcode="read"/>
<opset="size_read/1 "/>
</bind>
</comp>

<comp id="90" class="1004" name="mem_read_read_fu_90">
<pin_list>
<pin id="91" dir="0" index="0" bw="64" slack="0"/>
<pin id="92" dir="0" index="1" bw="64" slack="0"/>
<pin id="93" dir="1" index="2" bw="64" slack="0"/>
</pin_list>
<bind>
<opcode="read(1150) " fcode="read"/>
<opset="mem_read/2 "/>
</bind>
</comp>

<comp id="96" class="1004" name="grp_readreq_fu_96">
<pin_list>
<pin id="97" dir="0" index="0" bw="1" slack="0"/>
<pin id="98" dir="0" index="1" bw="32" slack="0"/>
<pin id="99" dir="0" index="2" bw="31" slack="0"/>
<pin id="100" dir="1" index="3" bw="1" slack="2147483647"/>
</pin_list>
<bind>
<opcode="readreq(1154) " fcode="readreq"/>
<opset="empty_21/2 "/>
</bind>
</comp>

<comp id="102" class="1004" name="grp_mm2s_Pipeline_VITIS_LOOP_14_1_fu_102">
<pin_list>
<pin id="103" dir="0" index="0" bw="0" slack="0"/>
<pin id="104" dir="0" index="1" bw="32" slack="0"/>
<pin id="105" dir="0" index="2" bw="32" slack="75"/>
<pin id="106" dir="0" index="3" bw="62" slack="74"/>
<pin id="107" dir="0" index="4" bw="32" slack="0"/>
<pin id="108" dir="0" index="5" bw="32" slack="0"/>
<pin id="109" dir="0" index="6" bw="4" slack="0"/>
<pin id="110" dir="0" index="7" bw="4" slack="0"/>
<pin id="111" dir="0" index="8" bw="1" slack="0"/>
<pin id="112" dir="1" index="9" bw="0" slack="2147483647"/>
</pin_list>
<bind>
<opcode="call(48) " fcode="call"/>
<opset="call_ln7/76 "/>
</bind>
</comp>

<comp id="119" class="1004" name="trunc_ln14_fu_119">
<pin_list>
<pin id="120" dir="0" index="0" bw="32" slack="0"/>
<pin id="121" dir="1" index="1" bw="31" slack="1"/>
</pin_list>
<bind>
<opcode="trunc(33) " fcode="trunc"/>
<opset="trunc_ln14/1 "/>
</bind>
</comp>

<comp id="123" class="1004" name="icmp_ln14_fu_123">
<pin_list>
<pin id="124" dir="0" index="0" bw="32" slack="1"/>
<pin id="125" dir="0" index="1" bw="32" slack="0"/>
<pin id="126" dir="1" index="2" bw="1" slack="0"/>
</pin_list>
<bind>
<opcode="icmp(45) " fcode="icmp"/>
<opset="icmp_ln14/2 "/>
</bind>
</comp>

<comp id="128" class="1004" name="trunc_ln_fu_128">
<pin_list>
<pin id="129" dir="0" index="0" bw="62" slack="0"/>
<pin id="130" dir="0" index="1" bw="64" slack="0"/>
<pin id="131" dir="0" index="2" bw="3" slack="0"/>
<pin id="132" dir="0" index="3" bw="7" slack="0"/>
<pin id="133" dir="1" index="4" bw="62" slack="0"/>
</pin_list>
<bind>
<opcode="partselect(1002) " fcode="partselect"/>
<opset="trunc_ln/2 "/>
</bind>
</comp>

<comp id="138" class="1004" name="sext_ln14_fu_138">
<pin_list>
<pin id="139" dir="0" index="0" bw="62" slack="0"/>
<pin id="140" dir="1" index="1" bw="64" slack="0"/>
</pin_list>
<bind>
<opcode="sext(35) " fcode="sext"/>
<opset="sext_ln14/2 "/>
</bind>
</comp>

<comp id="142" class="1004" name="gmem_addr_fu_142">
<pin_list>
<pin id="143" dir="0" index="0" bw="64" slack="0"/>
<pin id="144" dir="0" index="1" bw="64" slack="0"/>
<pin id="145" dir="1" index="2" bw="64" slack="0"/>
</pin_list>
<bind>
<opcode="getelementptr(29) " fcode="getelementptr"/>
<opset="gmem_addr/2 "/>
</bind>
</comp>

<comp id="149" class="1004" name="empty_fu_149">
<pin_list>
<pin id="150" dir="0" index="0" bw="1" slack="0"/>
<pin id="151" dir="0" index="1" bw="31" slack="1"/>
<pin id="152" dir="0" index="2" bw="31" slack="0"/>
<pin id="153" dir="1" index="3" bw="31" slack="0"/>
</pin_list>
<bind>
<opcode="select(49) " fcode="select"/>
<opset="empty/2 "/>
</bind>
</comp>

<comp id="156" class="1004" name="zext_ln14_fu_156">
<pin_list>
<pin id="157" dir="0" index="0" bw="31" slack="0"/>
<pin id="158" dir="1" index="1" bw="64" slack="0"/>
</pin_list>
<bind>
<opcode="zext(34) " fcode="zext"/>
<opset="zext_ln14/2 "/>
</bind>
</comp>

<comp id="161" class="1004" name="muxLogicAXIMAddr_to_empty_21_fu_161">
<pin_list>
<pin id="162" dir="0" index="0" bw="32" slack="0"/>
<pin id="163" dir="1" index="1" bw="1" slack="2147483647"/>
</pin_list>
<bind>
<opcode="muxlogic(592) " fcode="muxlogic"/>
<opset="muxLogicAXIMAddr_to_empty_21/2 "/>
</bind>
</comp>

<comp id="165" class="1004" name="muxLogicAXIMBurst_to_empty_21_fu_165">
<pin_list>
<pin id="166" dir="0" index="0" bw="31" slack="0"/>
<pin id="167" dir="1" index="1" bw="1" slack="2147483647"/>
</pin_list>
<bind>
<opcode="muxlogic(592) " fcode="muxlogic"/>
<opset="muxLogicAXIMBurst_to_empty_21/2 "/>
</bind>
</comp>

<comp id="169" class="1004" name="add_ln20_fu_169">
<pin_list>
<pin id="170" dir="0" index="0" bw="32" slack="75"/>
<pin id="171" dir="0" index="1" bw="1" slack="0"/>
<pin id="172" dir="1" index="2" bw="32" slack="0"/>
</pin_list>
<bind>
<opcode="add(8) " fcode="add"/>
<opset="add_ln20/76 "/>
</bind>
</comp>

<comp id="175" class="1005" name="size_read_reg_175">
<pin_list>
<pin id="176" dir="0" index="0" bw="32" slack="1"/>
<pin id="177" dir="1" index="1" bw="32" slack="1"/>
</pin_list>
<bind>
<opset="size_read "/>
</bind>
</comp>

<comp id="182" class="1005" name="trunc_ln14_reg_182">
<pin_list>
<pin id="183" dir="0" index="0" bw="31" slack="1"/>
<pin id="184" dir="1" index="1" bw="31" slack="1"/>
</pin_list>
<bind>
<opset="trunc_ln14 "/>
</bind>
</comp>

<comp id="187" class="1005" name="trunc_ln_reg_187">
<pin_list>
<pin id="188" dir="0" index="0" bw="62" slack="74"/>
<pin id="189" dir="1" index="1" bw="62" slack="74"/>
</pin_list>
<bind>
<opset="trunc_ln "/>
</bind>
</comp>

<comp id="192" class="1005" name="gmem_addr_reg_192">
<pin_list>
<pin id="193" dir="0" index="0" bw="32" slack="1"/>
<pin id="194" dir="1" index="1" bw="32" slack="1"/>
</pin_list>
<bind>
<opset="gmem_addr "/>
</bind>
</comp>

<comp id="197" class="1005" name="zext_ln14_reg_197">
<pin_list>
<pin id="198" dir="0" index="0" bw="64" slack="1"/>
<pin id="199" dir="1" index="1" bw="64" slack="1"/>
</pin_list>
<bind>
<opset="zext_ln14 "/>
</bind>
</comp>

<comp id="202" class="1005" name="add_ln20_reg_202">
<pin_list>
<pin id="203" dir="0" index="0" bw="32" slack="1"/>
<pin id="204" dir="1" index="1" bw="32" slack="1"/>
</pin_list>
<bind>
<opset="add_ln20 "/>
</bind>
</comp>

</comp_list>

<net_list>
<net id="88"><net_src comp="14" pin="0"/><net_sink comp="84" pin=0"/></net>

<net id="89"><net_src comp="12" pin="0"/><net_sink comp="84" pin=1"/></net>

<net id="94"><net_src comp="16" pin="0"/><net_sink comp="90" pin=0"/></net>

<net id="95"><net_src comp="2" pin="0"/><net_sink comp="90" pin=1"/></net>

<net id="101"><net_src comp="28" pin="0"/><net_sink comp="96" pin=0"/></net>

<net id="113"><net_src comp="32" pin="0"/><net_sink comp="102" pin=0"/></net>

<net id="114"><net_src comp="0" pin="0"/><net_sink comp="102" pin=1"/></net>

<net id="115"><net_src comp="4" pin="0"/><net_sink comp="102" pin=5"/></net>

<net id="116"><net_src comp="6" pin="0"/><net_sink comp="102" pin=6"/></net>

<net id="117"><net_src comp="8" pin="0"/><net_sink comp="102" pin=7"/></net>

<net id="118"><net_src comp="10" pin="0"/><net_sink comp="102" pin=8"/></net>

<net id="122"><net_src comp="84" pin="2"/><net_sink comp="119" pin=0"/></net>

<net id="127"><net_src comp="18" pin="0"/><net_sink comp="123" pin=1"/></net>

<net id="134"><net_src comp="20" pin="0"/><net_sink comp="128" pin=0"/></net>

<net id="135"><net_src comp="90" pin="2"/><net_sink comp="128" pin=1"/></net>

<net id="136"><net_src comp="22" pin="0"/><net_sink comp="128" pin=2"/></net>

<net id="137"><net_src comp="24" pin="0"/><net_sink comp="128" pin=3"/></net>

<net id="141"><net_src comp="128" pin="4"/><net_sink comp="138" pin=0"/></net>

<net id="146"><net_src comp="0" pin="0"/><net_sink comp="142" pin=0"/></net>

<net id="147"><net_src comp="138" pin="1"/><net_sink comp="142" pin=1"/></net>

<net id="148"><net_src comp="142" pin="2"/><net_sink comp="96" pin=1"/></net>

<net id="154"><net_src comp="123" pin="2"/><net_sink comp="149" pin=0"/></net>

<net id="155"><net_src comp="26" pin="0"/><net_sink comp="149" pin=2"/></net>

<net id="159"><net_src comp="149" pin="3"/><net_sink comp="156" pin=0"/></net>

<net id="160"><net_src comp="156" pin="1"/><net_sink comp="96" pin=2"/></net>

<net id="164"><net_src comp="142" pin="2"/><net_sink comp="161" pin=0"/></net>

<net id="168"><net_src comp="156" pin="1"/><net_sink comp="165" pin=0"/></net>

<net id="173"><net_src comp="30" pin="0"/><net_sink comp="169" pin=1"/></net>

<net id="174"><net_src comp="169" pin="2"/><net_sink comp="102" pin=4"/></net>

<net id="178"><net_src comp="84" pin="2"/><net_sink comp="175" pin=0"/></net>

<net id="179"><net_src comp="175" pin="1"/><net_sink comp="123" pin=0"/></net>

<net id="180"><net_src comp="175" pin="1"/><net_sink comp="169" pin=0"/></net>

<net id="181"><net_src comp="175" pin="1"/><net_sink comp="102" pin=2"/></net>

<net id="185"><net_src comp="119" pin="1"/><net_sink comp="182" pin=0"/></net>

<net id="186"><net_src comp="182" pin="1"/><net_sink comp="149" pin=1"/></net>

<net id="190"><net_src comp="128" pin="4"/><net_sink comp="187" pin=0"/></net>

<net id="191"><net_src comp="187" pin="1"/><net_sink comp="102" pin=3"/></net>

<net id="195"><net_src comp="142" pin="2"/><net_sink comp="192" pin=0"/></net>

<net id="196"><net_src comp="192" pin="1"/><net_sink comp="96" pin=1"/></net>

<net id="200"><net_src comp="156" pin="1"/><net_sink comp="197" pin=0"/></net>

<net id="201"><net_src comp="197" pin="1"/><net_sink comp="96" pin=2"/></net>

<net id="205"><net_src comp="169" pin="2"/><net_sink comp="202" pin=0"/></net>

<net id="206"><net_src comp="202" pin="1"/><net_sink comp="102" pin=4"/></net>

</net_list>

</model> 
---------------- Datapath Model END ------------------

* FSMD analyzer results:
  - Output states:
	Port: s_V_data_V | {76 77 }
	Port: s_V_keep_V | {76 77 }
	Port: s_V_strb_V | {76 77 }
	Port: s_V_last_V | {76 77 }
 - Input state : 
	Port: mm2s : gmem | {2 3 4 5 6 7 8 9 10 11 12 13 14 15 16 17 18 19 20 21 22 23 24 25 26 27 28 29 30 31 32 33 34 35 36 37 38 39 40 41 42 43 44 45 46 47 48 49 50 51 52 53 54 55 56 57 58 59 60 61 62 63 64 65 66 67 68 69 70 71 72 73 74 75 76 77 }
	Port: mm2s : mem | {2 }
	Port: mm2s : size | {1 }
  - Chain level:
	State 1
	State 2
		sext_ln14 : 1
		gmem_addr : 2
		empty : 1
		zext_ln14 : 2
		muxLogicAXIMAddr_to_empty_21 : 3
		muxLogicAXIMBurst_to_empty_21 : 3
		empty_21 : 3
	State 3
	State 4
	State 5
	State 6
	State 7
	State 8
	State 9
	State 10
	State 11
	State 12
	State 13
	State 14
	State 15
	State 16
	State 17
	State 18
	State 19
	State 20
	State 21
	State 22
	State 23
	State 24
	State 25
	State 26
	State 27
	State 28
	State 29
	State 30
	State 31
	State 32
	State 33
	State 34
	State 35
	State 36
	State 37
	State 38
	State 39
	State 40
	State 41
	State 42
	State 43
	State 44
	State 45
	State 46
	State 47
	State 48
	State 49
	State 50
	State 51
	State 52
	State 53
	State 54
	State 55
	State 56
	State 57
	State 58
	State 59
	State 60
	State 61
	State 62
	State 63
	State 64
	State 65
	State 66
	State 67
	State 68
	State 69
	State 70
	State 71
	State 72
	State 73
	State 74
	State 75
	State 76
		call_ln7 : 1
	State 77
	State 78


============================================================
+ Verbose Summary: Datapath Resource usage 
============================================================

* Functional unit list:
|----------|------------------------------------------|---------|---------|
| Operation|              Functional Unit             |    FF   |   LUT   |
|----------|------------------------------------------|---------|---------|
|   call   | grp_mm2s_Pipeline_VITIS_LOOP_14_1_fu_102 |    96   |    60   |
|----------|------------------------------------------|---------|---------|
|    add   |              add_ln20_fu_169             |    0    |    32   |
|----------|------------------------------------------|---------|---------|
|  select  |               empty_fu_149               |    0    |    28   |
|----------|------------------------------------------|---------|---------|
|   icmp   |             icmp_ln14_fu_123             |    0    |    16   |
|----------|------------------------------------------|---------|---------|
|   read   |           size_read_read_fu_84           |    0    |    0    |
|          |            mem_read_read_fu_90           |    0    |    0    |
|----------|------------------------------------------|---------|---------|
|  readreq |             grp_readreq_fu_96            |    0    |    0    |
|----------|------------------------------------------|---------|---------|
|   trunc  |             trunc_ln14_fu_119            |    0    |    0    |
|----------|------------------------------------------|---------|---------|
|partselect|              trunc_ln_fu_128             |    0    |    0    |
|----------|------------------------------------------|---------|---------|
|   sext   |             sext_ln14_fu_138             |    0    |    0    |
|----------|------------------------------------------|---------|---------|
|   zext   |             zext_ln14_fu_156             |    0    |    0    |
|----------|------------------------------------------|---------|---------|
| muxlogic |    muxLogicAXIMAddr_to_empty_21_fu_161   |    0    |    0    |
|          |   muxLogicAXIMBurst_to_empty_21_fu_165   |    0    |    0    |
|----------|------------------------------------------|---------|---------|
|   Total  |                                          |    96   |   136   |
|----------|------------------------------------------|---------|---------|

Memories:
N/A

* Register list:
+------------------+--------+
|                  |   FF   |
+------------------+--------+
| add_ln20_reg_202 |   32   |
| gmem_addr_reg_192|   32   |
| size_read_reg_175|   32   |
|trunc_ln14_reg_182|   31   |
| trunc_ln_reg_187 |   62   |
| zext_ln14_reg_197|   64   |
+------------------+--------+
|       Total      |   253  |
+------------------+--------+

* Multiplexer (MUX) list: 
|------------------------------------------|------|------|------|--------||---------||---------||---------|
|                   Comp                   |  Pin | Size |  BW  | S x BW ||  Delay  ||    FF   ||   LUT   |
|------------------------------------------|------|------|------|--------||---------||---------||---------|
|             grp_readreq_fu_96            |  p1  |   2  |  32  |   64   ||    0    ||    32   |
|             grp_readreq_fu_96            |  p2  |   2  |  31  |   62   ||    0    ||    32   |
| grp_mm2s_Pipeline_VITIS_LOOP_14_1_fu_102 |  p4  |   2  |  32  |   64   ||    0    ||    32   |
|------------------------------------------|------|------|------|--------||---------||---------||---------|
|                   Total                  |      |      |      |   190  ||  1.263  ||    0    ||    96   |
|------------------------------------------|------|------|------|--------||---------||---------||---------|



* Summary:
+-----------+--------+--------+--------+
|           |  Delay |   FF   |   LUT  |
+-----------+--------+--------+--------+
|  Function |    -   |   96   |   136  |
|   Memory  |    -   |    -   |    -   |
|Multiplexer|    1   |    0   |   96   |
|  Register |    -   |   253  |    -   |
+-----------+--------+--------+--------+
|   Total   |    1   |   349  |   232  |
+-----------+--------+--------+--------+
