

================================================================
== Vitis HLS Report for 'mm2s_Pipeline_VITIS_LOOP_14_1'
================================================================
* Date:           Wed Jun 24 13:47:43 2026

* Version:        2025.2 (Build 6295257 on Nov 14 2025)
* Project:        mm2s
* Solution:       hls (Vitis Kernel Flow Target)
* Product family: versalaiedge
* Target device:  xcve2802-vsvh1760-2MP-e-S


================================================================
== Performance Estimates
================================================================
+ Timing: 
    * Summary: 
    +--------+---------+----------+------------+
    |  Clock |  Target | Estimated| Uncertainty|
    +--------+---------+----------+------------+
    |ap_clk  |  3.20 ns|  1.693 ns|     0.86 ns|
    +--------+---------+----------+------------+

+ Latency: 
    * Summary: 
    +---------+---------+----------+----------+-----+-----+-------------------+
    |  Latency (cycles) |  Latency (absolute) |  Interval |      Pipeline     |
    |   min   |   max   |    min   |    max   | min | max |        Type       |
    +---------+---------+----------+----------+-----+-----+-------------------+
    |        ?|        ?|         ?|         ?|    0|    0|  loop pipeline stp|
    +---------+---------+----------+----------+-----+-----+-------------------+

    + Detail: 
        * Instance: 
        N/A

        * Loop: 
        +-------------------+---------+---------+----------+-----------+-----------+------+----------+
        |                   |  Latency (cycles) | Iteration|  Initiation Interval  | Trip |          |
        |     Loop Name     |   min   |   max   |  Latency |  achieved |   target  | Count| Pipelined|
        +-------------------+---------+---------+----------+-----------+-----------+------+----------+
        |- VITIS_LOOP_14_1  |        ?|        ?|         2|          1|          1|     ?|       yes|
        +-------------------+---------+---------+----------+-----------+-----------+------+----------+



================================================================
== Utilization Estimates
================================================================
* Summary: 
+-----------------+---------+------+---------+--------+-----+
|       Name      | BRAM_18K|  DSP |    FF   |   LUT  | URAM|
+-----------------+---------+------+---------+--------+-----+
|DSP              |        -|     -|        -|       -|    -|
|Expression       |        -|     -|        0|      66|    -|
|FIFO             |        -|     -|        -|       -|    -|
|Instance         |        -|     -|        -|       -|    -|
|Memory           |        -|     -|        -|       -|    -|
|Multiplexer      |        -|     -|        0|      68|    -|
|Register         |        -|     -|       35|       -|    -|
+-----------------+---------+------+---------+--------+-----+
|Total            |        0|     0|       35|     134|    0|
+-----------------+---------+------+---------+--------+-----+
|Available        |     1200|  1312|  1041408|  520704|  264|
+-----------------+---------+------+---------+--------+-----+
|Utilization (%)  |        0|     0|       ~0|      ~0|    0|
+-----------------+---------+------+---------+--------+-----+

+ Detail: 
    * Instance: 
    N/A

    * DSP: 
    N/A

    * Memory: 
    N/A

    * FIFO: 
    N/A

    * Expression: 
    +---------------------------------------+----------+----+---+----+------------+------------+
    |             Variable Name             | Operation| DSP| FF| LUT| Bitwidth P0| Bitwidth P1|
    +---------------------------------------+----------+----+---+----+------------+------------+
    |add_ln14_fu_138_p2                     |         +|   0|  0|  31|          31|           1|
    |ap_block_pp0_stage0_01001_grp1         |       and|   0|  0|   2|           1|           1|
    |icmp_ln14_fu_132_p2                    |      icmp|   0|  0|  16|          32|          32|
    |icmp_ln20_fu_144_p2                    |      icmp|   0|  0|  13|          32|          32|
    |ap_block_state2_pp0_stage0_iter1_grp1  |        or|   0|  0|   2|           1|           1|
    |ap_enable_pp0                          |       xor|   0|  0|   2|           1|           2|
    +---------------------------------------+----------+----+---+----+------------+------------+
    |Total                                  |          |   0|  0|  66|          98|          69|
    +---------------------------------------+----------+----+---+----+------------+------------+

    * Multiplexer: 
    +-------------------------+----+-----------+-----+-----------+
    |           Name          | LUT| Input Size| Bits| Total Bits|
    +-------------------------+----+-----------+-----+-----------+
    |ap_done_int              |   1|          2|    1|          2|
    |ap_enable_reg_pp0_iter1  |   1|          2|    1|          2|
    |ap_sig_allocacmp_i_1     |  32|          2|   31|         62|
    |gmem_blk_n_R             |   1|          2|    1|          2|
    |i_fu_70                  |  32|          2|   31|         62|
    |s_TDATA_blk_n            |   1|          2|    1|          2|
    +-------------------------+----+-----------+-----+-----------+
    |Total                    |  68|         12|   66|        132|
    +-------------------------+----+-----------+-----+-----------+

    * Register: 
    +-------------------------+----+----+-----+-----------+
    |           Name          | FF | LUT| Bits| Const Bits|
    +-------------------------+----+----+-----+-----------+
    |ap_CS_fsm                |   1|   0|    1|          0|
    |ap_done_reg              |   1|   0|    1|          0|
    |ap_enable_reg_pp0_iter1  |   1|   0|    1|          0|
    |i_fu_70                  |  31|   0|   31|          0|
    |icmp_ln20_reg_178        |   1|   0|    1|          0|
    +-------------------------+----+----+-----+-----------+
    |Total                    |  35|   0|   35|          0|
    +-------------------------+----+----+-----+-----------+



================================================================
== Interface
================================================================
* Summary: 
+-----------------------+-----+-----+------------+-------------------------------+--------------+
|       RTL Ports       | Dir | Bits|  Protocol  |         Source Object         |    C Type    |
+-----------------------+-----+-----+------------+-------------------------------+--------------+
|ap_clk                 |   in|    1|  ap_ctrl_hs|  mm2s_Pipeline_VITIS_LOOP_14_1|  return value|
|ap_rst                 |   in|    1|  ap_ctrl_hs|  mm2s_Pipeline_VITIS_LOOP_14_1|  return value|
|ap_start               |   in|    1|  ap_ctrl_hs|  mm2s_Pipeline_VITIS_LOOP_14_1|  return value|
|ap_done                |  out|    1|  ap_ctrl_hs|  mm2s_Pipeline_VITIS_LOOP_14_1|  return value|
|ap_idle                |  out|    1|  ap_ctrl_hs|  mm2s_Pipeline_VITIS_LOOP_14_1|  return value|
|ap_ready               |  out|    1|  ap_ctrl_hs|  mm2s_Pipeline_VITIS_LOOP_14_1|  return value|
|m_axi_gmem_0_AWVALID   |  out|    1|       m_axi|                           gmem|       pointer|
|m_axi_gmem_0_AWREADY   |   in|    1|       m_axi|                           gmem|       pointer|
|m_axi_gmem_0_AWADDR    |  out|   64|       m_axi|                           gmem|       pointer|
|m_axi_gmem_0_AWID      |  out|    1|       m_axi|                           gmem|       pointer|
|m_axi_gmem_0_AWLEN     |  out|   32|       m_axi|                           gmem|       pointer|
|m_axi_gmem_0_AWSIZE    |  out|    3|       m_axi|                           gmem|       pointer|
|m_axi_gmem_0_AWBURST   |  out|    2|       m_axi|                           gmem|       pointer|
|m_axi_gmem_0_AWLOCK    |  out|    2|       m_axi|                           gmem|       pointer|
|m_axi_gmem_0_AWCACHE   |  out|    4|       m_axi|                           gmem|       pointer|
|m_axi_gmem_0_AWPROT    |  out|    3|       m_axi|                           gmem|       pointer|
|m_axi_gmem_0_AWQOS     |  out|    4|       m_axi|                           gmem|       pointer|
|m_axi_gmem_0_AWREGION  |  out|    4|       m_axi|                           gmem|       pointer|
|m_axi_gmem_0_AWUSER    |  out|    1|       m_axi|                           gmem|       pointer|
|m_axi_gmem_0_WVALID    |  out|    1|       m_axi|                           gmem|       pointer|
|m_axi_gmem_0_WREADY    |   in|    1|       m_axi|                           gmem|       pointer|
|m_axi_gmem_0_WDATA     |  out|   32|       m_axi|                           gmem|       pointer|
|m_axi_gmem_0_WSTRB     |  out|    4|       m_axi|                           gmem|       pointer|
|m_axi_gmem_0_WLAST     |  out|    1|       m_axi|                           gmem|       pointer|
|m_axi_gmem_0_WID       |  out|    1|       m_axi|                           gmem|       pointer|
|m_axi_gmem_0_WUSER     |  out|    1|       m_axi|                           gmem|       pointer|
|m_axi_gmem_0_ARVALID   |  out|    1|       m_axi|                           gmem|       pointer|
|m_axi_gmem_0_ARREADY   |   in|    1|       m_axi|                           gmem|       pointer|
|m_axi_gmem_0_ARADDR    |  out|   64|       m_axi|                           gmem|       pointer|
|m_axi_gmem_0_ARID      |  out|    1|       m_axi|                           gmem|       pointer|
|m_axi_gmem_0_ARLEN     |  out|   32|       m_axi|                           gmem|       pointer|
|m_axi_gmem_0_ARSIZE    |  out|    3|       m_axi|                           gmem|       pointer|
|m_axi_gmem_0_ARBURST   |  out|    2|       m_axi|                           gmem|       pointer|
|m_axi_gmem_0_ARLOCK    |  out|    2|       m_axi|                           gmem|       pointer|
|m_axi_gmem_0_ARCACHE   |  out|    4|       m_axi|                           gmem|       pointer|
|m_axi_gmem_0_ARPROT    |  out|    3|       m_axi|                           gmem|       pointer|
|m_axi_gmem_0_ARQOS     |  out|    4|       m_axi|                           gmem|       pointer|
|m_axi_gmem_0_ARREGION  |  out|    4|       m_axi|                           gmem|       pointer|
|m_axi_gmem_0_ARUSER    |  out|    1|       m_axi|                           gmem|       pointer|
|m_axi_gmem_0_RVALID    |   in|    1|       m_axi|                           gmem|       pointer|
|m_axi_gmem_0_RREADY    |  out|    1|       m_axi|                           gmem|       pointer|
|m_axi_gmem_0_RDATA     |   in|   32|       m_axi|                           gmem|       pointer|
|m_axi_gmem_0_RLAST     |   in|    1|       m_axi|                           gmem|       pointer|
|m_axi_gmem_0_RID       |   in|    1|       m_axi|                           gmem|       pointer|
|m_axi_gmem_0_RFIFONUM  |   in|    9|       m_axi|                           gmem|       pointer|
|m_axi_gmem_0_RUSER     |   in|    1|       m_axi|                           gmem|       pointer|
|m_axi_gmem_0_RRESP     |   in|    2|       m_axi|                           gmem|       pointer|
|m_axi_gmem_0_BVALID    |   in|    1|       m_axi|                           gmem|       pointer|
|m_axi_gmem_0_BREADY    |  out|    1|       m_axi|                           gmem|       pointer|
|m_axi_gmem_0_BRESP     |   in|    2|       m_axi|                           gmem|       pointer|
|m_axi_gmem_0_BID       |   in|    1|       m_axi|                           gmem|       pointer|
|m_axi_gmem_0_BUSER     |   in|    1|       m_axi|                           gmem|       pointer|
|s_TREADY               |   in|    1|        axis|                     s_V_data_V|       pointer|
|s_TDATA                |  out|   32|        axis|                     s_V_data_V|       pointer|
|size                   |   in|   32|     ap_none|                           size|        scalar|
|sext_ln14              |   in|   62|     ap_none|                      sext_ln14|        scalar|
|add_ln20               |   in|   32|     ap_none|                       add_ln20|        scalar|
|s_TVALID               |  out|    1|        axis|                     s_V_last_V|       pointer|
|s_TLAST                |  out|    1|        axis|                     s_V_last_V|       pointer|
|s_TKEEP                |  out|    4|        axis|                     s_V_keep_V|       pointer|
|s_TSTRB                |  out|    4|        axis|                     s_V_strb_V|       pointer|
+-----------------------+-----+-----+------------+-------------------------------+--------------+

