

================================================================
== Vitis HLS Report for 's2mm'
================================================================
* Date:           Wed Jun 24 13:48:08 2026

* Version:        2025.2 (Build 6295257 on Nov 14 2025)
* Project:        s2mm
* Solution:       hls (Vitis Kernel Flow Target)
* Product family: versalaiedge
* Target device:  xcve2802-vsvh1760-2MP-e-S


================================================================
== Performance Estimates
================================================================
+ Timing: 
    * Summary: 
    +--------+---------+----------+------------+
    |  Clock |  Target | Estimated| Uncertainty|
    +--------+---------+----------+------------+
    |ap_clk  |  3.20 ns|  2.092 ns|     0.86 ns|
    +--------+---------+----------+------------+

+ Latency: 
    * Summary: 
    +---------+---------+----------+----------+-----+-----+------------------------------------------------+
    |  Latency (cycles) |  Latency (absolute) |  Interval |                    Pipeline                    |
    |   min   |   max   |    min   |    max   | min | max |                      Type                      |
    +---------+---------+----------+----------+-----+-----+------------------------------------------------+
    |        ?|        ?|         ?|         ?|    0|    0|  loop auto-rewind stp (delay=0 clock cycles(s))|
    +---------+---------+----------+----------+-----+-----+------------------------------------------------+

    + Detail: 
        * Instance: 
        N/A

        * Loop: 
        +-------------------+---------+---------+----------+-----------+-----------+------+----------+
        |                   |  Latency (cycles) | Iteration|  Initiation Interval  | Trip |          |
        |     Loop Name     |   min   |   max   |  Latency |  achieved |   target  | Count| Pipelined|
        +-------------------+---------+---------+----------+-----------+-----------+------+----------+
        |- VITIS_LOOP_14_1  |        ?|        ?|        77|          1|          1|     ?|       yes|
        +-------------------+---------+---------+----------+-----------+-----------+------+----------+



================================================================
== Utilization Estimates
================================================================
* Summary: 
+-----------------+---------+------+---------+--------+-----+
|       Name      | BRAM_18K|  DSP |    FF   |   LUT  | URAM|
+-----------------+---------+------+---------+--------+-----+
|DSP              |        -|     -|        -|       -|    -|
|Expression       |        -|     -|        0|     121|    -|
|FIFO             |        -|     -|        -|       -|    -|
|Instance         |        0|     -|     1537|    1507|    0|
|Memory           |        -|     -|        -|       -|    -|
|Multiplexer      |        -|     -|        0|      70|    -|
|Register         |        -|     -|      285|      10|    -|
+-----------------+---------+------+---------+--------+-----+
|Total            |        0|     0|     1822|    1708|    0|
+-----------------+---------+------+---------+--------+-----+
|Available        |     1200|  1312|  1041408|  520704|  264|
+-----------------+---------+------+---------+--------+-----+
|Utilization (%)  |        0|     0|       ~0|      ~0|    0|
+-----------------+---------+------+---------+--------+-----+

+ Detail: 
    * Instance: 
    +-----------------+---------------+---------+----+------+------+-----+
    |     Instance    |     Module    | BRAM_18K| DSP|  FF  |  LUT | URAM|
    +-----------------+---------------+---------+----+------+------+-----+
    |control_s_axi_U  |control_s_axi  |        0|   0|   144|   232|    0|
    |gmem_m_axi_U     |gmem_m_axi     |        0|   0|  1393|  1275|    0|
    +-----------------+---------------+---------+----+------+------+-----+
    |Total            |               |        0|   0|  1537|  1507|    0|
    +-----------------+---------------+---------+----+------+------+-----+

    * DSP: 
    N/A

    * Memory: 
    N/A

    * FIFO: 
    N/A

    * Expression: 
    +-----------------------------------------+----------+----+---+----+------------+------------+
    |              Variable Name              | Operation| DSP| FF| LUT| Bitwidth P0| Bitwidth P1|
    +-----------------------------------------+----------+----+---+----+------------+------------+
    |add_ln14_fu_221_p2                       |         +|   0|  0|  31|          31|           1|
    |ap_block_state2_io_grp1                  |       and|   0|  0|   2|           1|           1|
    |ap_block_state77_pp0_stage0_iter76_grp1  |       and|   0|  0|   2|           1|           1|
    |ap_condition_775                         |       and|   0|  0|   2|           1|           1|
    |ap_condition_978                         |       and|   0|  0|   2|           1|           1|
    |icmp_ln14_1_fu_215_p2                    |      icmp|   0|  0|  16|          32|          32|
    |icmp_ln14_2_fu_231_p2                    |      icmp|   0|  0|  16|          32|          32|
    |icmp_ln14_fu_161_p2                      |      icmp|   0|  0|  16|          32|           1|
    |ap_block_pp0_stage0_01001_grp1           |        or|   0|  0|   2|           1|           1|
    |ap_block_pp0_stage0_11001                |        or|   0|  0|   2|           1|           1|
    |empty_fu_191_p3                          |    select|   0|  0|  28|           1|          31|
    |ap_enable_pp0                            |       xor|   0|  0|   2|           1|           2|
    +-----------------------------------------+----------+----+---+----+------------+------------+
    |Total                                    |          |   0|  0| 121|         135|         105|
    +-----------------------------------------+----------+----+---+----+------------+------------+

    * Multiplexer: 
    +-------------------------+----+-----------+-----+-----------+
    |           Name          | LUT| Input Size| Bits| Total Bits|
    +-------------------------+----+-----------+-----+-----------+
    |ap_done_int              |   1|          2|    1|          2|
    |ap_enable_reg_pp0_iter1  |   1|          2|    1|          2|
    |ap_sig_allocacmp_i_load  |  32|          2|   31|         62|
    |gmem_blk_n_AW            |   1|          2|    1|          2|
    |gmem_blk_n_B             |   1|          2|    1|          2|
    |gmem_blk_n_W             |   1|          2|    1|          2|
    |i_fu_102                 |  32|          2|   31|         62|
    |s_TDATA_blk_n            |   1|          2|    1|          2|
    +-------------------------+----+-----------+-----+-----------+
    |Total                    |  70|         16|   68|        136|
    +-------------------------+----+-----------+-----+-----------+

    * Register: 
    +-----------------------------------+----+----+-----+-----------+
    |                Name               | FF | LUT| Bits| Const Bits|
    +-----------------------------------+----+----+-----+-----------+
    |ap_CS_fsm                          |   1|   0|    1|          0|
    |ap_done_reg                        |   1|   0|    1|          0|
    |ap_enable_reg_pp0_iter1            |   1|   0|    1|          0|
    |ap_enable_reg_pp0_iter10           |   1|   0|    1|          0|
    |ap_enable_reg_pp0_iter11           |   1|   0|    1|          0|
    |ap_enable_reg_pp0_iter12           |   1|   0|    1|          0|
    |ap_enable_reg_pp0_iter13           |   1|   0|    1|          0|
    |ap_enable_reg_pp0_iter14           |   1|   0|    1|          0|
    |ap_enable_reg_pp0_iter15           |   1|   0|    1|          0|
    |ap_enable_reg_pp0_iter16           |   1|   0|    1|          0|
    |ap_enable_reg_pp0_iter17           |   1|   0|    1|          0|
    |ap_enable_reg_pp0_iter18           |   1|   0|    1|          0|
    |ap_enable_reg_pp0_iter19           |   1|   0|    1|          0|
    |ap_enable_reg_pp0_iter2            |   1|   0|    1|          0|
    |ap_enable_reg_pp0_iter20           |   1|   0|    1|          0|
    |ap_enable_reg_pp0_iter21           |   1|   0|    1|          0|
    |ap_enable_reg_pp0_iter22           |   1|   0|    1|          0|
    |ap_enable_reg_pp0_iter23           |   1|   0|    1|          0|
    |ap_enable_reg_pp0_iter24           |   1|   0|    1|          0|
    |ap_enable_reg_pp0_iter25           |   1|   0|    1|          0|
    |ap_enable_reg_pp0_iter26           |   1|   0|    1|          0|
    |ap_enable_reg_pp0_iter27           |   1|   0|    1|          0|
    |ap_enable_reg_pp0_iter28           |   1|   0|    1|          0|
    |ap_enable_reg_pp0_iter29           |   1|   0|    1|          0|
    |ap_enable_reg_pp0_iter3            |   1|   0|    1|          0|
    |ap_enable_reg_pp0_iter30           |   1|   0|    1|          0|
    |ap_enable_reg_pp0_iter31           |   1|   0|    1|          0|
    |ap_enable_reg_pp0_iter32           |   1|   0|    1|          0|
    |ap_enable_reg_pp0_iter33           |   1|   0|    1|          0|
    |ap_enable_reg_pp0_iter34           |   1|   0|    1|          0|
    |ap_enable_reg_pp0_iter35           |   1|   0|    1|          0|
    |ap_enable_reg_pp0_iter36           |   1|   0|    1|          0|
    |ap_enable_reg_pp0_iter37           |   1|   0|    1|          0|
    |ap_enable_reg_pp0_iter38           |   1|   0|    1|          0|
    |ap_enable_reg_pp0_iter39           |   1|   0|    1|          0|
    |ap_enable_reg_pp0_iter4            |   1|   0|    1|          0|
    |ap_enable_reg_pp0_iter40           |   1|   0|    1|          0|
    |ap_enable_reg_pp0_iter41           |   1|   0|    1|          0|
    |ap_enable_reg_pp0_iter42           |   1|   0|    1|          0|
    |ap_enable_reg_pp0_iter43           |   1|   0|    1|          0|
    |ap_enable_reg_pp0_iter44           |   1|   0|    1|          0|
    |ap_enable_reg_pp0_iter45           |   1|   0|    1|          0|
    |ap_enable_reg_pp0_iter46           |   1|   0|    1|          0|
    |ap_enable_reg_pp0_iter47           |   1|   0|    1|          0|
    |ap_enable_reg_pp0_iter48           |   1|   0|    1|          0|
    |ap_enable_reg_pp0_iter49           |   1|   0|    1|          0|
    |ap_enable_reg_pp0_iter5            |   1|   0|    1|          0|
    |ap_enable_reg_pp0_iter50           |   1|   0|    1|          0|
    |ap_enable_reg_pp0_iter51           |   1|   0|    1|          0|
    |ap_enable_reg_pp0_iter52           |   1|   0|    1|          0|
    |ap_enable_reg_pp0_iter53           |   1|   0|    1|          0|
    |ap_enable_reg_pp0_iter54           |   1|   0|    1|          0|
    |ap_enable_reg_pp0_iter55           |   1|   0|    1|          0|
    |ap_enable_reg_pp0_iter56           |   1|   0|    1|          0|
    |ap_enable_reg_pp0_iter57           |   1|   0|    1|          0|
    |ap_enable_reg_pp0_iter58           |   1|   0|    1|          0|
    |ap_enable_reg_pp0_iter59           |   1|   0|    1|          0|
    |ap_enable_reg_pp0_iter6            |   1|   0|    1|          0|
    |ap_enable_reg_pp0_iter60           |   1|   0|    1|          0|
    |ap_enable_reg_pp0_iter61           |   1|   0|    1|          0|
    |ap_enable_reg_pp0_iter62           |   1|   0|    1|          0|
    |ap_enable_reg_pp0_iter63           |   1|   0|    1|          0|
    |ap_enable_reg_pp0_iter64           |   1|   0|    1|          0|
    |ap_enable_reg_pp0_iter65           |   1|   0|    1|          0|
    |ap_enable_reg_pp0_iter66           |   1|   0|    1|          0|
    |ap_enable_reg_pp0_iter67           |   1|   0|    1|          0|
    |ap_enable_reg_pp0_iter68           |   1|   0|    1|          0|
    |ap_enable_reg_pp0_iter69           |   1|   0|    1|          0|
    |ap_enable_reg_pp0_iter7            |   1|   0|    1|          0|
    |ap_enable_reg_pp0_iter70           |   1|   0|    1|          0|
    |ap_enable_reg_pp0_iter71           |   1|   0|    1|          0|
    |ap_enable_reg_pp0_iter72           |   1|   0|    1|          0|
    |ap_enable_reg_pp0_iter73           |   1|   0|    1|          0|
    |ap_enable_reg_pp0_iter74           |   1|   0|    1|          0|
    |ap_enable_reg_pp0_iter75           |   1|   0|    1|          0|
    |ap_enable_reg_pp0_iter76           |   1|   0|    1|          0|
    |ap_enable_reg_pp0_iter8            |   1|   0|    1|          0|
    |ap_enable_reg_pp0_iter9            |   1|   0|    1|          0|
    |ap_loop_exit_ready_pp0_iter10_reg  |   1|   0|    1|          0|
    |ap_loop_exit_ready_pp0_iter11_reg  |   1|   0|    1|          0|
    |ap_loop_exit_ready_pp0_iter12_reg  |   1|   0|    1|          0|
    |ap_loop_exit_ready_pp0_iter13_reg  |   1|   0|    1|          0|
    |ap_loop_exit_ready_pp0_iter14_reg  |   1|   0|    1|          0|
    |ap_loop_exit_ready_pp0_iter15_reg  |   1|   0|    1|          0|
    |ap_loop_exit_ready_pp0_iter16_reg  |   1|   0|    1|          0|
    |ap_loop_exit_ready_pp0_iter17_reg  |   1|   0|    1|          0|
    |ap_loop_exit_ready_pp0_iter18_reg  |   1|   0|    1|          0|
    |ap_loop_exit_ready_pp0_iter19_reg  |   1|   0|    1|          0|
    |ap_loop_exit_ready_pp0_iter1_reg   |   1|   0|    1|          0|
    |ap_loop_exit_ready_pp0_iter20_reg  |   1|   0|    1|          0|
    |ap_loop_exit_ready_pp0_iter21_reg  |   1|   0|    1|          0|
    |ap_loop_exit_ready_pp0_iter22_reg  |   1|   0|    1|          0|
    |ap_loop_exit_ready_pp0_iter23_reg  |   1|   0|    1|          0|
    |ap_loop_exit_ready_pp0_iter24_reg  |   1|   0|    1|          0|
    |ap_loop_exit_ready_pp0_iter25_reg  |   1|   0|    1|          0|
    |ap_loop_exit_ready_pp0_iter26_reg  |   1|   0|    1|          0|
    |ap_loop_exit_ready_pp0_iter27_reg  |   1|   0|    1|          0|
    |ap_loop_exit_ready_pp0_iter28_reg  |   1|   0|    1|          0|
    |ap_loop_exit_ready_pp0_iter29_reg  |   1|   0|    1|          0|
    |ap_loop_exit_ready_pp0_iter2_reg   |   1|   0|    1|          0|
    |ap_loop_exit_ready_pp0_iter30_reg  |   1|   0|    1|          0|
    |ap_loop_exit_ready_pp0_iter31_reg  |   1|   0|    1|          0|
    |ap_loop_exit_ready_pp0_iter32_reg  |   1|   0|    1|          0|
    |ap_loop_exit_ready_pp0_iter33_reg  |   1|   0|    1|          0|
    |ap_loop_exit_ready_pp0_iter34_reg  |   1|   0|    1|          0|
    |ap_loop_exit_ready_pp0_iter35_reg  |   1|   0|    1|          0|
    |ap_loop_exit_ready_pp0_iter36_reg  |   1|   0|    1|          0|
    |ap_loop_exit_ready_pp0_iter37_reg  |   1|   0|    1|          0|
    |ap_loop_exit_ready_pp0_iter38_reg  |   1|   0|    1|          0|
    |ap_loop_exit_ready_pp0_iter39_reg  |   1|   0|    1|          0|
    |ap_loop_exit_ready_pp0_iter3_reg   |   1|   0|    1|          0|
    |ap_loop_exit_ready_pp0_iter40_reg  |   1|   0|    1|          0|
    |ap_loop_exit_ready_pp0_iter41_reg  |   1|   0|    1|          0|
    |ap_loop_exit_ready_pp0_iter42_reg  |   1|   0|    1|          0|
    |ap_loop_exit_ready_pp0_iter43_reg  |   1|   0|    1|          0|
    |ap_loop_exit_ready_pp0_iter44_reg  |   1|   0|    1|          0|
    |ap_loop_exit_ready_pp0_iter45_reg  |   1|   0|    1|          0|
    |ap_loop_exit_ready_pp0_iter46_reg  |   1|   0|    1|          0|
    |ap_loop_exit_ready_pp0_iter47_reg  |   1|   0|    1|          0|
    |ap_loop_exit_ready_pp0_iter48_reg  |   1|   0|    1|          0|
    |ap_loop_exit_ready_pp0_iter49_reg  |   1|   0|    1|          0|
    |ap_loop_exit_ready_pp0_iter4_reg   |   1|   0|    1|          0|
    |ap_loop_exit_ready_pp0_iter50_reg  |   1|   0|    1|          0|
    |ap_loop_exit_ready_pp0_iter51_reg  |   1|   0|    1|          0|
    |ap_loop_exit_ready_pp0_iter52_reg  |   1|   0|    1|          0|
    |ap_loop_exit_ready_pp0_iter53_reg  |   1|   0|    1|          0|
    |ap_loop_exit_ready_pp0_iter54_reg  |   1|   0|    1|          0|
    |ap_loop_exit_ready_pp0_iter55_reg  |   1|   0|    1|          0|
    |ap_loop_exit_ready_pp0_iter56_reg  |   1|   0|    1|          0|
    |ap_loop_exit_ready_pp0_iter57_reg  |   1|   0|    1|          0|
    |ap_loop_exit_ready_pp0_iter58_reg  |   1|   0|    1|          0|
    |ap_loop_exit_ready_pp0_iter59_reg  |   1|   0|    1|          0|
    |ap_loop_exit_ready_pp0_iter5_reg   |   1|   0|    1|          0|
    |ap_loop_exit_ready_pp0_iter60_reg  |   1|   0|    1|          0|
    |ap_loop_exit_ready_pp0_iter61_reg  |   1|   0|    1|          0|
    |ap_loop_exit_ready_pp0_iter62_reg  |   1|   0|    1|          0|
    |ap_loop_exit_ready_pp0_iter63_reg  |   1|   0|    1|          0|
    |ap_loop_exit_ready_pp0_iter64_reg  |   1|   0|    1|          0|
    |ap_loop_exit_ready_pp0_iter65_reg  |   1|   0|    1|          0|
    |ap_loop_exit_ready_pp0_iter66_reg  |   1|   0|    1|          0|
    |ap_loop_exit_ready_pp0_iter67_reg  |   1|   0|    1|          0|
    |ap_loop_exit_ready_pp0_iter68_reg  |   1|   0|    1|          0|
    |ap_loop_exit_ready_pp0_iter69_reg  |   1|   0|    1|          0|
    |ap_loop_exit_ready_pp0_iter6_reg   |   1|   0|    1|          0|
    |ap_loop_exit_ready_pp0_iter70_reg  |   1|   0|    1|          0|
    |ap_loop_exit_ready_pp0_iter71_reg  |   1|   0|    1|          0|
    |ap_loop_exit_ready_pp0_iter72_reg  |   1|   0|    1|          0|
    |ap_loop_exit_ready_pp0_iter73_reg  |   1|   0|    1|          0|
    |ap_loop_exit_ready_pp0_iter74_reg  |   1|   0|    1|          0|
    |ap_loop_exit_ready_pp0_iter75_reg  |   1|   0|    1|          0|
    |ap_loop_exit_ready_pp0_iter7_reg   |   1|   0|    1|          0|
    |ap_loop_exit_ready_pp0_iter8_reg   |   1|   0|    1|          0|
    |ap_loop_exit_ready_pp0_iter9_reg   |   1|   0|    1|          0|
    |ap_rst_n_inv                       |   1|   0|    1|          0|
    |ap_rst_reg_1                       |   1|   0|    1|          0|
    |ap_rst_reg_2                       |   1|   0|    1|          0|
    |first_iter_0_reg_149               |   1|   0|    1|          0|
    |gmem_addr_reg_270                  |  64|   0|   64|          0|
    |i_fu_102                           |  31|   0|   31|          0|
    |icmp_ln14_1_reg_284                |   1|   0|    1|          0|
    |icmp_ln14_2_reg_288                |   1|   0|    1|          0|
    |zext_ln14_reg_278                  |  31|   0|   64|         33|
    |icmp_ln14_2_reg_288                |   0|  10|    1|          0|
    +-----------------------------------+----+----+-----+-----------+
    |Total                              | 285|  10|  319|         33|
    +-----------------------------------+----+----+-----+-----------+



================================================================
== Interface
================================================================
* Summary: 
+-----------------------+-----+-----+---------------+--------------+--------------+
|       RTL Ports       | Dir | Bits|    Protocol   | Source Object|    C Type    |
+-----------------------+-----+-----+---------------+--------------+--------------+
|s_axi_control_AWVALID  |   in|    1|          s_axi|       control|        scalar|
|s_axi_control_AWREADY  |  out|    1|          s_axi|       control|        scalar|
|s_axi_control_AWADDR   |   in|    6|          s_axi|       control|        scalar|
|s_axi_control_WVALID   |   in|    1|          s_axi|       control|        scalar|
|s_axi_control_WREADY   |  out|    1|          s_axi|       control|        scalar|
|s_axi_control_WDATA    |   in|   32|          s_axi|       control|        scalar|
|s_axi_control_WSTRB    |   in|    4|          s_axi|       control|        scalar|
|s_axi_control_ARVALID  |   in|    1|          s_axi|       control|        scalar|
|s_axi_control_ARREADY  |  out|    1|          s_axi|       control|        scalar|
|s_axi_control_ARADDR   |   in|    6|          s_axi|       control|        scalar|
|s_axi_control_RVALID   |  out|    1|          s_axi|       control|        scalar|
|s_axi_control_RREADY   |   in|    1|          s_axi|       control|        scalar|
|s_axi_control_RDATA    |  out|   32|          s_axi|       control|        scalar|
|s_axi_control_RRESP    |  out|    2|          s_axi|       control|        scalar|
|s_axi_control_BVALID   |  out|    1|          s_axi|       control|        scalar|
|s_axi_control_BREADY   |   in|    1|          s_axi|       control|        scalar|
|s_axi_control_BRESP    |  out|    2|          s_axi|       control|        scalar|
|ap_clk                 |   in|    1|  ap_ctrl_chain|          s2mm|  return value|
|ap_rst_n               |   in|    1|  ap_ctrl_chain|          s2mm|  return value|
|interrupt              |  out|    1|  ap_ctrl_chain|          s2mm|  return value|
|s_TVALID               |   in|    1|           axis|    s_V_last_V|       pointer|
|s_TREADY               |  out|    1|           axis|    s_V_last_V|       pointer|
|s_TLAST                |   in|    1|           axis|    s_V_last_V|       pointer|
|m_axi_gmem_AWVALID     |  out|    1|          m_axi|          gmem|       pointer|
|m_axi_gmem_AWREADY     |   in|    1|          m_axi|          gmem|       pointer|
|m_axi_gmem_AWADDR      |  out|   64|          m_axi|          gmem|       pointer|
|m_axi_gmem_AWID        |  out|    1|          m_axi|          gmem|       pointer|
|m_axi_gmem_AWLEN       |  out|    8|          m_axi|          gmem|       pointer|
|m_axi_gmem_AWSIZE      |  out|    3|          m_axi|          gmem|       pointer|
|m_axi_gmem_AWBURST     |  out|    2|          m_axi|          gmem|       pointer|
|m_axi_gmem_AWLOCK      |  out|    2|          m_axi|          gmem|       pointer|
|m_axi_gmem_AWCACHE     |  out|    4|          m_axi|          gmem|       pointer|
|m_axi_gmem_AWPROT      |  out|    3|          m_axi|          gmem|       pointer|
|m_axi_gmem_AWQOS       |  out|    4|          m_axi|          gmem|       pointer|
|m_axi_gmem_AWREGION    |  out|    4|          m_axi|          gmem|       pointer|
|m_axi_gmem_AWUSER      |  out|    1|          m_axi|          gmem|       pointer|
|m_axi_gmem_WVALID      |  out|    1|          m_axi|          gmem|       pointer|
|m_axi_gmem_WREADY      |   in|    1|          m_axi|          gmem|       pointer|
|m_axi_gmem_WDATA       |  out|   32|          m_axi|          gmem|       pointer|
|m_axi_gmem_WSTRB       |  out|    4|          m_axi|          gmem|       pointer|
|m_axi_gmem_WLAST       |  out|    1|          m_axi|          gmem|       pointer|
|m_axi_gmem_WID         |  out|    1|          m_axi|          gmem|       pointer|
|m_axi_gmem_WUSER       |  out|    1|          m_axi|          gmem|       pointer|
|m_axi_gmem_ARVALID     |  out|    1|          m_axi|          gmem|       pointer|
|m_axi_gmem_ARREADY     |   in|    1|          m_axi|          gmem|       pointer|
|m_axi_gmem_ARADDR      |  out|   64|          m_axi|          gmem|       pointer|
|m_axi_gmem_ARID        |  out|    1|          m_axi|          gmem|       pointer|
|m_axi_gmem_ARLEN       |  out|    8|          m_axi|          gmem|       pointer|
|m_axi_gmem_ARSIZE      |  out|    3|          m_axi|          gmem|       pointer|
|m_axi_gmem_ARBURST     |  out|    2|          m_axi|          gmem|       pointer|
|m_axi_gmem_ARLOCK      |  out|    2|          m_axi|          gmem|       pointer|
|m_axi_gmem_ARCACHE     |  out|    4|          m_axi|          gmem|       pointer|
|m_axi_gmem_ARPROT      |  out|    3|          m_axi|          gmem|       pointer|
|m_axi_gmem_ARQOS       |  out|    4|          m_axi|          gmem|       pointer|
|m_axi_gmem_ARREGION    |  out|    4|          m_axi|          gmem|       pointer|
|m_axi_gmem_ARUSER      |  out|    1|          m_axi|          gmem|       pointer|
|m_axi_gmem_RVALID      |   in|    1|          m_axi|          gmem|       pointer|
|m_axi_gmem_RREADY      |  out|    1|          m_axi|          gmem|       pointer|
|m_axi_gmem_RDATA       |   in|   32|          m_axi|          gmem|       pointer|
|m_axi_gmem_RLAST       |   in|    1|          m_axi|          gmem|       pointer|
|m_axi_gmem_RID         |   in|    1|          m_axi|          gmem|       pointer|
|m_axi_gmem_RUSER       |   in|    1|          m_axi|          gmem|       pointer|
|m_axi_gmem_RRESP       |   in|    2|          m_axi|          gmem|       pointer|
|m_axi_gmem_BVALID      |   in|    1|          m_axi|          gmem|       pointer|
|m_axi_gmem_BREADY      |  out|    1|          m_axi|          gmem|       pointer|
|m_axi_gmem_BRESP       |   in|    2|          m_axi|          gmem|       pointer|
|m_axi_gmem_BID         |   in|    1|          m_axi|          gmem|       pointer|
|m_axi_gmem_BUSER       |   in|    1|          m_axi|          gmem|       pointer|
|s_TDATA                |   in|   32|           axis|    s_V_data_V|       pointer|
|s_TKEEP                |   in|    4|           axis|    s_V_keep_V|       pointer|
|s_TSTRB                |   in|    4|           axis|    s_V_strb_V|       pointer|
+-----------------------+-----+-----+---------------+--------------+--------------+

